Branch indexing
 > git rev-parse --resolve-git-dir /var/lib/jenkins/caches/git-5ee80e5ee4002bb5126b0b12c0127ffa/.git # timeout=10
Setting origin to https://github.com/pratikGit007/Boardgame.git
 > git config remote.origin.url https://github.com/pratikGit007/Boardgame.git # timeout=10
Fetching origin...
Fetching upstream changes from origin
 > git --version # timeout=10
 > git --version # 'git version 2.34.1'
 > git config --get remote.origin.url # timeout=10
 > git fetch --tags --force --progress -- origin +refs/heads/*:refs/remotes/origin/* # timeout=10
Seen branch in repository origin/bugfix
Seen branch in repository origin/feature
Seen branch in repository origin/master
Seen 3 remote branches
Obtained Jenkinsfile from b17a8fa0a1d60f264e45813c73261e999e203fff
[8mha:////4NVHylTYve07evDLYyjLHifewSu6sKs956lzVbmLL0FuAAAAoh+LCAAAAAAAAP9tjTEOwjAQBM8BClpKHuFItIiK1krDC0x8GCfWnbEdkooX8TX+gCESFVvtrLSa5wtWKcKBo5UdUu8otU4GP9jS5Mixv3geZcdn2TIl9igbHBs2eJyx4YwwR1SwULBGaj0nRzbDRnX6rmuvydanHMu2V1A5c4MHCFXMWcf8hSnC9jqYxPTz/BXAFEIGsfuclm8zQVqFvQAAAA==[0m[Pipeline] Start of Pipeline
[8mha:////4IROGzQ7VLAznMVWa1adBpLsKgR7TOcqfS+PL1DvPeF9AAAApR+LCAAAAAAAAP9tjTEOwjAUQ3+KOrAycohUghExsUZZOEFIQkgb/d8mKe3EibgadyBQiQlLlmxL1nu+oE4RjhQdby12HpP2vA+jK4lPFLtroIm3dOGaMFGwXNpJkrGnpUrKFhaxClYC1hZ1oOTRZdiIVt1VExS65pxj2Q4CKm8GeAAThZxVzN8yR9jeRpMIf5y/AJj7DGxXvP/86jduZBmjwAAAAA==[0m[Pipeline] node
Running on [8mha:////4E1zOGkb4cb9TA/G551tBYdjLs1f1mc/atcyToo6M8CcAAAAoR+LCAAAAAAAAP9b85aBtbiIQTGjNKU4P08vOT+vOD8nVc83PyU1x6OyILUoJzMv2y+/JJUBAhiZGBgqihhk0NSjKDWzXb3RdlLBUSYGJk8GtpzUvPSSDB8G5tKinBIGIZ+sxLJE/ZzEvHT94JKizLx0a6BxUmjGOUNodHsLgAz2EgZR/eT83ILSktQifY2k0sycEt3MPE19AHHxbH3KAAAA[0mJenkins in /var/lib/jenkins/workspace/demo5_master
[8mha:////4AhhSK/3vcr/8glCRAILXSVk+9JCJQtkllybD4PA1g4vAAAApR+LCAAAAAAAAP9tjTEOwjAUQ3+KOrAycoh0gA0xsUZZOEFIQkgb/d8mKe3EibgadyBQiQlLlmxL1nu+oE4RjhQdby12HpP2vA+jK4lPFLtroIm3dOGaMFGwXNpJkrGnpUrKFhaxClYC1hZ1oOTRZdiIVt1VExS65pxj2Q4CKm8GeAAThZxVzN8yR9jeRpMIf5y/AJj7DGxXvP/86jfoP95RwAAAAA==[0m[Pipeline] {
[8mha:////4P+uHusWiffJTruEaf6TQUuFt6WVYD6Wa2jVjLSPDBthAAAApR+LCAAAAAAAAP9tjTEOwjAUQ3+KOrAycoh0gQkxsUZZOEFIQkgb/d8mKe3EibgadyBQiQlLlmxL1nu+oE4RjhQdby12HpP2vA+jK4lPFLtroIm3dOGaMFGwXNpJkrGnpUrKFhaxClYC1hZ1oOTRZdiIVt1VExS65pxj2Q4CKm8GeAAThZxVzN8yR9jeRpMIf5y/AJj7DGxXvP/86jc09154wAAAAA==[0m[Pipeline] stage
[8mha:////4KPLZ0dwqZhNy/W7ZHteMXiiC/GlOa0t8S9AkX4agUGlAAAApR+LCAAAAAAAAP9tjTEOwjAUQ3+KOrAycoh0ggUxsUZZOEFIQkgb/d8mKe3EibgadyBQiQlLlmxL1nu+oE4RjhQdby12HpP2vA+jK4lPFLtroIm3dOGaMFGwXNpJkrGnpUrKFhaxClYC1hZ1oOTRZdiIVt1VExS65pxj2Q4CKm8GeAAThZxVzN8yR9jeRpMIf5y/AJj7DGxXvP/86jek7ggRwAAAAA==[0m[Pipeline] { (Declarative: Checkout SCM)
[8mha:////4Kcte0GyQklq1SmdN/ugzhQtj4rRHMSa/hL4QbdWoj25AAAAoh+LCAAAAAAAAP9tjTEOAiEURD9rLGwtPQTbaWGsbAmNJ0AWEZb8zwLrbuWJvJp3kLiJlZNMMm+a93rDOic4UbLcG+wdZu14DKOti0+U+lugiXu6ck2YKRguzSSpM+cFJRUDS1gDKwEbgzpQdmgLbIVXD9UGhba9lFS/o4DGdQM8gYlqLiqVL8wJdvexy4Q/z18BzLEA29ce4gfg7KmOvAAAAA==[0m[Pipeline] checkout
Selected Git installation does not exist. Using Default
The recommended git tool is: NONE
No credentials specified
 > git rev-parse --resolve-git-dir /var/lib/jenkins/workspace/demo5_master/.git # timeout=10
Fetching changes from the remote Git repository
 > git config remote.origin.url https://github.com/pratikGit007/Boardgame.git # timeout=10
Fetching without tags
Fetching upstream changes from https://github.com/pratikGit007/Boardgame.git
 > git --version # timeout=10
 > git --version # 'git version 2.34.1'
 > git fetch --no-tags --force --progress -- https://github.com/pratikGit007/Boardgame.git +refs/heads/*:refs/remotes/origin/* # timeout=10
Checking out Revision b17a8fa0a1d60f264e45813c73261e999e203fff (master)
 > git config core.sparsecheckout # timeout=10
 > git checkout -f b17a8fa0a1d60f264e45813c73261e999e203fff # timeout=10
Commit message: "Merge pull request #5 from pratikGit007/feature"
 > git rev-list --no-walk 25ba290601e7fe18026c87b8f96df13629ac78ac # timeout=10
[8mha:////4P8fxmX/AjUUdMEmkZV5p1dXmUxvybdwllDSKL0LVc6DAAAAoh+LCAAAAAAAAP9tjTEOAiEURD9rLGwtPQTbGRNjZUtoPAGyiLDkfxZYdytP5NW8g8RNrJxkknnTvNcb1jnBiZLl3mDvMGvHYxhtXXyi1N8CTdzTlWvCTMFwaSZJnTkvKKkYWMIaWAnYGNSBskNbYCu8eqg2KLTtpaT6HQU0rhvgCUxUc1GpfGFOsLuPXSb8ef4KYI6xADvU7j9Dg2gqvAAAAA==[0m[Pipeline] }
[8mha:////4IPCC8Ya2fQLbKsSe4rOhGImbe96Czwl1QL99lLIscy1AAAAoh+LCAAAAAAAAP9tjTEOAiEURD9rLGwtPQRbWRhjZUtoPAGyiLDkfxZYdytP5NW8g8RNrJxkknnTvNcb1jnBiZLl3mDvMGvHYxhtXXyi1N8CTdzTlWvCTMFwaSZJnTkvKKkYWMIaWAnYGNSBskNbYCu8eqg2KLTtpaT6HQU0rhvgCUxUc1GpfGFOsLuPXSb8ef4KYI6xADvU7j9J+wGOvAAAAA==[0m[Pipeline] // stage
[8mha:////4JQZOi6XDmsNCacVTZTu9CNDIo52Q9peRyrhw1xDsN2+AAAAph+LCAAAAAAAAP9tjTEOwjAQBM9BKWgpeYQDEh2iorXc8AITG+PEugv2haTiRXyNPxCIRMVWOyut5vmCMic4UPKycdgGzHWQXez91ORAqb1EGmRDZ1kTZopOajdosu44oyZ2MEcUsFCwdFhHygE9w0o15m6qaNBXJ07TtldQBHuDBwg1mdkk/sKYYH3tbSb8ef4KYOwYxI6h2G4+x/INtuQqUcEAAAA=[0m[Pipeline] withEnv
[8mha:////4Nzp82IMEFulZ1KLzaBSPxboU83z5OIn5uf5JBvY/kseAAAApR+LCAAAAAAAAP9tjTEOwjAUQ3+DOrAycoiUzoiJNerCCUITQtLo/zZJSSdOxNW4Ay2VmPBg2Zas93pDGQOcKBjuNHYWY2t570czJ54pdDdPmTu68pYwkte80bkhpc9rbShpWFUw2AjYamw9RYsmwU44+ZCVl2iqSwrzdhTArBrgCYWYyUmG9C1TgP19VJHwx/kLgKlPwOrDYvXyLD8BobDcwgAAAA==[0m[Pipeline] {
[8mha:////4OhK7YYfA7QaOpeeZA0XE0DIKWXj6/2UFE6lrIKVPNesAAAAph+LCAAAAAAAAP9tjTEOwjAUQ3+LOrAycohUZUVMrFEWThCaEJJG/7dJSjpxIq7GHWipxIQHy7ZkvdcbqhjgRMEwp7GzGFvLej+aObFMobt5yszRlbWEkbxmQmdBSp/XKihpWFWUsOGw1dh6ihZNgh138iFrL9HUlxTm7cihtGqAJxR8JicZ0rdMAfb3UUXCH+cvAKY+Qdk0ix2WZ/UBbwyqm8IAAAA=[0m[Pipeline] stage
[8mha:////4O4JGlVO5zJV8KrGg7DdnmW/xCBkKURHKgUrOsVWYCQiAAAAph+LCAAAAAAAAP9tjTEOwjAUQ3+LOrAycohUwIiYukZZOEFoQkgb/V9+UtqJE3E17kBLJSY8WLYl673eUESGE7ETjcXWY6y96ELvpiQG4vYaaBANXURNGClYoeygyNhqqYqShUVZDisJa4t1oOjRJdjIRj90GTS68px42o4Scm/u8IRMTuSkOX3LyLC99SYS/jh/ATB2CfLdfrbD/Cw+y7kUycIAAAA=[0m[Pipeline] { (Declarative: Tool Install)
[8mha:////4MJbow7XBX4Q10n8z1V2UzCTom6WN7fe8QCjcETIN4rSAAAApB+LCAAAAAAAAP9tjTEOwjAQBC9BFLSUPOIiBB2iSmu54QUmNsaJdWdsh6TiRXyNPxCIRMUWq51t5vmCZYpw5GixNdQ5So3D4Hs7LRw4dhfPA7Z8xoYpsTcozSBZm3pGydnAnKKEhYCVocZzcmQzrEWr7qryimx1ynH6DgJKp2/wgEJM5qxi/sIYYXPtdWL6ef4KYAwZyu3uU/vwBgq0rvS+AAAA[0m[Pipeline] tool
[8mha:////4GHlsQCaE5cwSraOaT8kCIKCiJgQsmGSDhlXmJjhjrlsAAAApB+LCAAAAAAAAP9tjTEOwjAQBC9BFLSUPOIihKgQVVrLDS8wsTFOrDtjOyQVL+Jr/IFAJCq2WO1sM88XLFOEI0eLraHOUWocBt/baeHAsbt4HrDlMzZMib1BaQbJ2tQzSs4G5hQlLASsDDWekyObYS1adVeVV2SrU47TdxBQOn2DBxRiMmcV8xfGCJtrrxPTz/NXAGPIUG53n9qHN0uFte2+AAAA[0m[Pipeline] envVarsForTool
[8mha:////4PuXPbkTy5O4L2Bk7xtie577zBOjyJl2pp0Y5fN2TKceAAAApR+LCAAAAAAAAP9tjTEOwjAQBC9BFLSUPOIihESDqNJabniBiY1xYt0Z2yGpeBFf4w8EIlGxxWpnm3m+YJkiHDlabA11jlLjMPjeTgsHjt3F84Atn7FhSuwNSjNI1qaeUXI2MKcoYSFgZajxnBzZDGvRqruqvCJbnXKcvoOA0ukbPKAQkzmrmL8wRthce52Yfp6/AhhDyFBu95/avQEeFbpZvgAAAA==[0m[Pipeline] }
[8mha:////4MKpWcNw0eOT3WBPG0c8XAMpEo5Ts9enMjd0VNFC0sBAAAAApB+LCAAAAAAAAP9tjTEOwjAQBC9BFLSUPOIiaCgQVVrLDS8wsTFOrDtjOyQVL+Jr/IFAJCq2WO1sM88XLFOEI0eLraHOUWocBt/baeHAsbt4HrDlMzZMib1BaQbJ2tQzSs4G5hQlLASsDDWekyObYS1adVeVV2SrU47TdxBQOn2DBxRiMmcV8xfGCJtrrxPTz/NXAGMIGcrt/lO7Ny324eW+AAAA[0m[Pipeline] // stage
[8mha:////4JXPMkMH729wJBjgi443XFoNXaIFzb3If3c7/OHqq2Q2AAAApx+LCAAAAAAAAP9tjTEOwjAUQ3+LOrAycohU3ZAQE2uUhROEJoSk0f9tkpJOnIircQdaKjHhwbItWe/1hioGOFEwzGnsLMbWst6PZk4sU+hunjJzdGUtYSSvmdBZkNLntQpKGlYVJWw4bDW2nqJFk2DHnXzI2ks09SWFeTtyKK0a4AkFn8lJhvQtU4D9fVSR8Mf5C4CpT1A2zWKH5Vl9AAkvMTrCAAAA[0m[Pipeline] withEnv
[8mha:////4LQWrmzWl3Xu6pUwG3597C4lRcM01Kw2AVnhBFM/eBSvAAAApx+LCAAAAAAAAP9tjTEOwjAUQ3+LOrAycohUbCDE1DXKwglCE0La6P/yk9JOnIircQdaKjHhwbItWe/1hiIynIidaCy2HmPtRRd6NyUxELfXQINo6CJqwkjBCmUHRcZWS1WULCzKclhJWFusA0WPLsFGNvqhy6DRlefE03aUkHtzhydkciInzelbRobtrTeR8Mf5C4CxS5Dv9rMd5mfxASnCIIrCAAAA[0m[Pipeline] {
[8mha:////4G6mWSLaOsX8pWj0z6WHZuw+3Eua8j5dq+6RisG0mUZUAAAApx+LCAAAAAAAAP9tjTEOwjAUQ3+LOrAycogU2BDqxBp14QShCSFp9H9JUtKJE3E17kCgEhMeLNuS9Z4vqIKHhrxmVmFvMHSGDW7UObFEvr84SszSmXWEgZxirUotSXWca0tRwayihAWHpcLOUTCoI6y4FXdRO4G6PkWftwOH0sgbPKDgmRyFj98yeVhfRxkIf5y/AJiGCOV2n223+TyrN7xWSV3CAAAA[0m[Pipeline] stage
[8mha:////4CaX4DMVmsGnNz7TkyJjQGhmk3WE9OqGDWbMDXlGqDc7AAAAph+LCAAAAAAAAP9tjTEOwjAUQ3+LOrAycogUWBFT1ygLJwhNCGmj/8tPSjtxIq7GHWipxIQHy7ZkvdcbishwInaisdh6jLUXXejdlMRA3F4DDaKhi6gJIwUrlB0UGVstVVGysCjLYSVhbbEOFD26BBvZ6Icug0ZXnhNP21FC7s0dnpDJiZw0p28ZGba33kTCH+cvAMYuQX7Yzbafn8UHbGnGmsIAAAA=[0m[Pipeline] { (Clean previous builds)
[8mha:////4IVI9eV6B/6sZ+0o3wlxpBxqM+BEdxwFoURbVJUi9O72AAAAox+LCAAAAAAAAP9tjTEOwjAQBC9BFLSUPOIi0iIqWisNLzCJMXasO8d2cCpexNf4A4FIVGyx2tlmni9YxwBHDhqtot5QbA16N+p5YebQXx1ntHzBlimyU9io3HCnTgs2nBQsKUpYCdgoah1HQzrBVlh5l5WTpKtzCvN3EFCaboAHFGI2JxnSF6YAu9vYRaaf568AJp+grPefqv0bH7uiub4AAAA=[0m[Pipeline] tool
[8mha:////4FWkIPDutUvGA+dsBeUMWCPIp4HYU/mcdLQoAFZjeSNrAAAAox+LCAAAAAAAAP9tjTEOwjAQBC9BFLSUPOIioERUaS03vMDExjix7oztkFS8iK/xBwKRqNhitbPNPF+wTBGOHC22hjpHqXEYfG+nhQPH7uJ5wJbP2DAl9galGSRrU88oORuYU5SwELAy1HhOjmyGtWjVXVVeka1OOU7fQUDp9A0eUIjJnFXMXxgjbK69Tkw/z18BjCFDudt+ah/eXoq5oL4AAAA=[0m[Pipeline] envVarsForTool
[8mha:////4Ej+vLvecuuCZ+Mw5ITvxVSc7e2oUJszf5PyPVHR6C9QAAAApx+LCAAAAAAAAP9tjTEOwjAUQ3+LOrAycohUIDbE1DXKwglCE0La6P/yk9JOnIircQdaKjHhwbItWe/1hiIynIidaCy2HmPtRRd6NyUxELfXQINo6CJqwkjBCmUHRcZWS1WULCzKclhJWFusA0WPLsFGNvqhy6DRlefE03aUkHtzhydkciInzelbRobtrTeR8Mf5C4CxS5Dvd7Md5mfxAR8nhQvCAAAA[0m[Pipeline] withEnv
[8mha:////4AynfB8aibXSEVoTtW0QPqBpH57RqTP+LG0jKdExILmfAAAApx+LCAAAAAAAAP9tjTEOwjAUQ3+LOrAycohUQjAhpq5RFk4QmhDSRv+Xn5R24kRcjTvQUokJD5ZtyXqvNxSR4UTsRGOx9RhrL7rQuymJgbi9BhpEQxdRE0YKVig7KDK2WqqiZGFRlsNKwtpiHSh6dAk2stEPXQaNrjwnnrajhNybOzwhkxM5aU7fMjJsb72JhD/OXwCMXYJ8t5/tMD+LD/hYjrHCAAAA[0m[Pipeline] {
[8mha:////4ImpAvLZlJWMKikTGecEu5aMuFq+/H64dwQ9buDLzGMYAAAApR+LCAAAAAAAAP9tjTEOwjAQBC9BFLSUPOIiIUGDqNJabniBiY1xYt0Z2yGpeBFf4w8EIlGxxWpnm3m+YJkiHDlabA11jlLjMPjeTgsHjt3F84Atn7FhSuwNSjNI1qaeUXI2MKcoYSFgZajxnBzZDGvRqruqvCJbnXKcvoOA0ukbPKAQkzmrmL8wRthce52Yfp6/AhhDhnK7+9Q+vAEIWoEpvgAAAA==[0m[Pipeline] sh
+ mvn clean
[INFO] Scanning for projects...
[INFO] 
[INFO] --------------< com.javaproject:database_service_project >--------------
[INFO] Building database_service_project 0.0.2
[INFO]   from pom.xml
[INFO] --------------------------------[ jar ]---------------------------------
[INFO] 
[INFO] --- clean:3.1.0:clean (default-clean) @ database_service_project ---
[INFO] Deleting /var/lib/jenkins/workspace/demo5_master/target
[INFO] ------------------------------------------------------------------------
[INFO] BUILD SUCCESS
[INFO] ------------------------------------------------------------------------
[INFO] Total time:  0.726 s
[INFO] Finished at: 2024-07-11T18:07:43Z
[INFO] ------------------------------------------------------------------------
[8mha:////4L45BHODPjQL4kQmaz0hxuszo0gwHdqhRSrfUVwMY058AAAApR+LCAAAAAAAAP9tjTEOwjAQBC9BFLSUPOIiISEKRJXWcsMLTGyME+vO2A5JxYv4Gn8gEImKLVY728zzBcsU4cjRYmuoc5Qah8H3dlo4cOwungds+YwNU2JvUJpBsjb1jJKzgTlFCQsBK0ON5+TIZliLVt1V5RXZ6pTj9B0ElE7f4AGFmMxZxfyFMcLm2uvE9PP8FcAYQoZyu//U7g3QKkBhvgAAAA==[0m[Pipeline] }
[8mha:////4HBvYzqmwUHbLba143Fm7Xs7DpuQHA7Pm3cu9QpSaHZ1AAAApR+LCAAAAAAAAP9tjTEOwjAQBC9BFLSUPOIiIQokRJXWcsMLTGyME+vO2A5JxYv4Gn8gEImKLVY728zzBcsU4cjRYmuoc5Qah8H3dlo4cOwungds+YwNU2JvUJpBsjb1jJKzgTlFCQsBK0ON5+TIZliLVt1V5RXZ6pTj9B0ElE7f4AGFmMxZxfyFMcLm2uvE9PP8FcAYQoZyu//U7g2TqBHnvgAAAA==[0m[Pipeline] // withEnv
[8mha:////4DhcDHRHfuwsMRHk9BT5hQVq8VRvf7YypEtrlr7iw6C5AAAApB+LCAAAAAAAAP9tjTEOwjAQBC9BFLSUPOIi6BCiSmu54QUmNsaJdWdsh6TiRXyNPxCIRMUWq51t5vmCZYpw5GixNdQ5So3D4Hs7LRw4dhfPA7Z8xoYpsTcozSBZm3pGydnAnKKEhYCVocZzcmQzrEWr7qryimx1ynH6DgJKp2/wgEJM5qxi/sIYYXPtdWL6ef4KYAwhQ7nbf2r7BrmPJ1y+AAAA[0m[Pipeline] }
[8mha:////4HSGosWTLpyOXnW+xPCapcaIyyZn30phL+EyNiZ07OwGAAAApB+LCAAAAAAAAP9tjTEOwjAQBC9BFLSUPOISQYmo0lppeIGJjXFi3RnbIal4EV/jD1hEomKL1c4283rDOgY4cTDYaxosxc6id6PJCycOw9XxhD1fsGOK7DS2empZ6WbBlpOGJUUJKwEbTZ3jaMkk2IpePmTlJJnqnEL+jgJKq+7whEJkc5IhfWEOsLuNKjL9PH8FMHufoDzUufb1B1PlWKq+AAAA[0m[Pipeline] // stage
[8mha:////4GAyxspHsdun/XFSaY85vWZ9XnGXaPcJTRpBWiApQ+yZAAAAqB+LCAAAAAAAAP9tjTEOwjAUQ3+LOrAycohUFRNCTF2jLpwgNCEkjf4vSUo6cSKuxh0IVGLCg2Vbst7zBVXwcCSvmVU4GAy9YaObdE4skR8ujhKzdGY9YSCnWKdSR1K1S+0oKlhUlLDisFbYOwoGdYQNt+IuaidQ16fo83bgUBp5gwcUPJOj8PFbZg/b6yQD4Y/zFwDzGKFs9tl2zedZvQGtjmIwwgAAAA==[0m[Pipeline] stage
[8mha:////4JX29+13JGsbaiHsQ6TPTDRCZsMMdqGEJnREGDboKIYoAAAAph+LCAAAAAAAAP9tjTEOwjAUQ3+LOrAycohUwIiYukZZOEFoQkgb/V9+UtqJE3E17kBLJSY8WLYl673eUESGE7ETjcXWY6y96ELvpiQG4vYaaBANXURNGClYoeygyNhqqYqShUVZDisJa4t1oOjRJdjIRj90GTS68px42o4Scm/u8IRMTuSkOX3LyLC99SYS/jh/ATB2CfLDbrb9/Cw+2YMO4MIAAAA=[0m[Pipeline] { (Maven Build)
[8mha:////4CVhXNTe5lDfB/TpJmUMozLhDvo8ChPsMVImFw5CW9abAAAAox+LCAAAAAAAAP9tjTEOwjAQBC9BFLSUPOIikRJR0VppeIFJjLFj3Tm2g1PxIr7GHwhEomKL1c4283zBOgY4ctBoFfWGYmvQu1HPCzOH/uo4o+ULtkyRncJG5YY7dVqw4aRgSVHCSsBGUes4GtIJtsLKu6ycJF2dU5i/g4DSdAM8oBCzOcmQvjAF2N3GLjL9PH8FMPkEZb3/VO3favo5XL4AAAA=[0m[Pipeline] tool
[8mha:////4F/vpM3R0yVVz+PtEQxR2TWJPPVWCBEey24/3OHNCff2AAAApB+LCAAAAAAAAP9tjTEOwjAQBC9BFLSUPOIiAR2iSmu54QUmNsaJdWdsh6TiRXyNPxCIRMUWq51t5vmCZYpw5GixNdQ5So3D4Hs7LRw4dhfPA7Z8xoYpsTcozSBZm3pGydnAnKKEhYCVocZzcmQzrEWr7qryimx1ynH6DgJKp2/wgEJM5qxi/sIYYXPtdWL6ef4KYAwZyt32U/vwBq1seBO+AAAA[0m[Pipeline] envVarsForTool
[8mha:////4NxEXLwcyPbH2BEo6KbxY+M8A1gxlXQGZYQQQLHGV0D8AAAApx+LCAAAAAAAAP9tjTEOwjAUQ3+LOrAycohUAjEhpq5RFk4QmhDSRv+Xn5R24kRcjTvQUokJD5ZtyXqvNxSR4UTsRGOx9RhrL7rQuymJgbi9BhpEQxdRE0YKVig7KDK2WqqiZGFRlsNKwtpiHSh6dAk2stEPXQaNrjwnnrajhNybOzwhkxM5aU7fMjJsb72JhD/OXwCMXYJ8v5vtMD+LD2DV6WTCAAAA[0m[Pipeline] withEnv
[8mha:////4LMbD5ff0AKJ6/RxWkLUUrRT7bgNJ8yt5/W9eYi2x5DNAAAApx+LCAAAAAAAAP9tjTEOwjAUQ3+LOrAycoh0QLAgpq5RFk4QmhDSRv+Xn5R24kRcjTvQUokJD5ZtyXqvNxSR4UTsRGOx9RhrL7rQuymJgbi9BhpEQxdRE0YKVig7KDK2WqqiZGFRlsNKwtpiHSh6dAk2stEPXQaNrjwnnrajhNybOzwhkxM5aU7fMjJsb72JhD/OXwCMXYJ8t5/tMD+LD02yRsvCAAAA[0m[Pipeline] {
[8mha:////4L2HZE+hNUpBb4zzZDnBQkROrsRetn1+s4vLeIFnzDQOAAAApR+LCAAAAAAAAP9tjTEOwjAQBC9BFLSUPOJSIEGBqNJabniBiY1xYt0Z2yGpeBFf4w8EIlGxxWpnm3m+YJkiHDlabA11jlLjMPjeTgsHjt3F84Atn7FhSuwNSjNI1qaeUXI2MKcoYSFgZajxnBzZDGvRqruqvCJbnXKcvoOA0ukbPKAQkzmrmL8wRthce52Yfp6/AhhDhnK7+9Q+vAF9GxrMvgAAAA==[0m[Pipeline] sh
+ mvn compile
[INFO] Scanning for projects...
[INFO] 
[INFO] --------------< com.javaproject:database_service_project >--------------
[INFO] Building database_service_project 0.0.2
[INFO]   from pom.xml
[INFO] --------------------------------[ jar ]---------------------------------
[WARNING] 1 problem was encountered while building the effective model for org.javassist:javassist:jar:3.20.0-GA
[INFO] 
[INFO] --- jacoco:0.8.7:prepare-agent (jacoco-initialize) @ database_service_project ---
[INFO] argLine set to -javaagent:/var/lib/jenkins/.m2/repository/org/jacoco/org.jacoco.agent/0.8.7/org.jacoco.agent-0.8.7-runtime.jar=destfile=/var/lib/jenkins/workspace/demo5_master/target/jacoco.exec
[INFO] 
[INFO] --- resources:3.2.0:resources (default-resources) @ database_service_project ---
[INFO] Using 'UTF-8' encoding to copy filtered resources.
[INFO] Using 'UTF-8' encoding to copy filtered properties files.
[INFO] Copying 1 resource
[INFO] Copying 19 resources
[INFO] 
[INFO] --- compiler:3.8.1:compile (default-compile) @ database_service_project ---
[INFO] Changes detected - recompiling the module!
[INFO] Compiling 9 source files to /var/lib/jenkins/workspace/demo5_master/target/classes
[INFO] /var/lib/jenkins/workspace/demo5_master/src/main/java/com/javaproject/database/DatabaseAccess.java: /var/lib/jenkins/workspace/demo5_master/src/main/java/com/javaproject/database/DatabaseAccess.java uses unchecked or unsafe operations.
[INFO] /var/lib/jenkins/workspace/demo5_master/src/main/java/com/javaproject/database/DatabaseAccess.java: Recompile with -Xlint:unchecked for details.
[INFO] ------------------------------------------------------------------------
[INFO] BUILD SUCCESS
[INFO] ------------------------------------------------------------------------
[INFO] Total time:  4.563 s
[INFO] Finished at: 2024-07-11T18:07:49Z
[INFO] ------------------------------------------------------------------------
[8mha:////4JueGsg110Vh/vy1BTJdztOtYq2eieJVrITE6HMghwxIAAAApR+LCAAAAAAAAP9tjTEOwjAQBC9BFLSUPOJSICEkRJXWcsMLTGyME+vO2A5JxYv4Gn8gEImKLVY728zzBcsU4cjRYmuoc5Qah8H3dlo4cOwungds+YwNU2JvUJpBsjb1jJKzgTlFCQsBK0ON5+TIZliLVt1V5RXZ6pTj9B0ElE7f4AGFmMxZxfyFMcLm2uvE9PP8FcAYQoZyu//U7g1K83O2vgAAAA==[0m[Pipeline] }
[8mha:////4DBiTAUnmuAka//gV31CJeWfnEcz7NywWpprRnQt5zS0AAAApR+LCAAAAAAAAP9tjTEOwjAQBC9BFLSUPOJSIAqEqNJabniBiY1xYt0Z2yGpeBFf4w8EIlGxxWpnm3m+YJkiHDlabA11jlLjMPjeTgsHjt3F84Atn7FhSuwNSjNI1qaeUXI2MKcoYSFgZajxnBzZDGvRqruqvCJbnXKcvoOA0ukbPKAQkzmrmL8wRthce52Yfp6/AhhDyFBu95/avQFVcSbkvgAAAA==[0m[Pipeline] // withEnv
[8mha:////4GwqRiMD/mnJCJYM/zK6vX0UiCgLABD6mX4Io+cpWFl7AAAApB+LCAAAAAAAAP9tjTEOwjAQBC9BFLSUPOKCgA6lorXc8AKTGOPEugu2g1PxIr7GH7CIRMUWq51t5vWGZfBQszfYaeothcbi4EaTFyb2/dVxwo4v2DAFdhqlTpJbfZpRctQwpyhhIWClqXEcLJkIa9Gph6qcIlOdo8/fUUBp2zs8oRDZHJWPX5g8bG5jG5h+nr8CmIYhQnnY5trvPrCL6pi+AAAA[0m[Pipeline] }
[8mha:////4KzcPOmjaWA8I93V8q0NBBgbAFvU6V85uj3WbXZpBpWjAAAApB+LCAAAAAAAAP9tjTEOwjAQBC9BFLSUPOKiCDpEldZKwwtMbIwT687YDknFi/gaf8AiEhVbrHa2mdcb1jHAiYPBXtNgKXYWvRtNXjhxGK6OJ+z5gh1TZKex1VPLSjcLtpw0LClKWAnYaOocR0smwVb08iErJ8lU5xTydxRQWnWHJxQim5MM6QtzgN1tVJHp5/krgNn7BOWhzrWvP68Jv8q+AAAA[0m[Pipeline] // stage
[8mha:////4EMZxAoQ3eJeG1ReICGWazonP3HmWh47xJ5SvFlnX7Z4AAAAqB+LCAAAAAAAAP9tjTEOwjAUQ3+LOrAycohUIBaEOrFGXThBaEJIGv1fkpR04kRcjTsQqMSEB8u2ZL3nC6rgoSGvmVXYGwydYYMbdU4ske8vjhKzdGYdYSCnWKtSS1Id59pSVDCrKGHBYamwcxQM6ggrbsVd1E6grk/R5+3AoTTyBg8oeCZH4eO3TB7W11EGwh/nLwCmIUK52WfbbT/P6g2NwlFzwgAAAA==[0m[Pipeline] stage
[8mha:////4K0XoYF31pAo22FFKOLCF68R1HZrpnSj6MbwVtjco12SAAAApx+LCAAAAAAAAP9tjTEOwjAUQ3+LOrAycohUAjbE1DXKwglCE0La6P/yk9JOnIircQdaKjHhwbItWe/1hiIynIidaCy2HmPtRRd6NyUxELfXQINo6CJqwkjBCmUHRcZWS1WULCzKclhJWFusA0WPLsFGNvqhy6DRlefE03aUkHtzhydkciInzelbRobtrTeR8Mf5C4CxS5AfdrPt52fxAXzhjwPCAAAA[0m[Pipeline] { (Maven Test)
[8mha:////4OR4zNgadyWLdgwMIRn65dQhtx1gb1IeTUi2yiMtpOGYAAAAox+LCAAAAAAAAP9tjTEOwjAQBC9BFLSUPOJSkA5R0VppeIFJjLFj3Tm2g1PxIr7GHwhEomKL1c4283zBOgY4ctBoFfWGYmvQu1HPCzOH/uo4o+ULtkyRncJG5YY7dVqw4aRgSVHCSsBGUes4GtIJtsLKu6ycJF2dU5i/g4DSdAM8oBCzOcmQvjAF2N3GLjL9PH8FMPkEZb3/VO3fhXiFur4AAAA=[0m[Pipeline] tool
[8mha:////4HNvUQXVXdMG492Klz6heO1NKDD9Rn8wvsiN75sAN4FgAAAApB+LCAAAAAAAAP9tjTEOwjAQBC9BFLSUPOJSABWiSmu54QUmNsaJdWdsh6TiRXyNPxCIRMUWq51t5vmCZYpw5GixNdQ5So3D4Hs7LRw4dhfPA7Z8xoYpsTcozSBZm3pGydnAnKKEhYCVocZzcmQzrEWr7qryimx1ynH6DgJKp2/wgEJM5qxi/sIYYXPtdWL6ef4KYAwZyt32U/vwBsRJnqO+AAAA[0m[Pipeline] envVarsForTool
[8mha:////4BgaXNt3o+/ag2CNNhO+y3/3ek2oUeEEyCHQHvU7rLAEAAAApx+LCAAAAAAAAP9tjTEOwjAUQ3+LOrAycoh0ALEgpq5RFk4QmhDSRv+Xn5R24kRcjTvQUokJD5ZtyXqvNxSR4UTsRGOx9RhrL7rQuymJgbi9BhpEQxdRE0YKVig7KDK2WqqiZGFRlsNKwtpiHSh6dAk2stEPXQaNrjwnnrajhNybOzwhkxM5aU7fMjJsb72JhD/OXwCMXYJ8v5vtMD+LDw+vzJLCAAAA[0m[Pipeline] withEnv
[8mha:////4Ksz0bs42IqoSNEvd4/tBvMtRl3enJAhFOeLdNhSBiJ1AAAApx+LCAAAAAAAAP9tjTEOwjAUQ3+LOrAycoh0QTAgpq5RFk4QmhDSRv+Xn5R24kRcjTvQUokJD5ZtyXqvNxSR4UTsRGOx9RhrL7rQuymJgbi9BhpEQxdRE0YKVig7KDK2WqqiZGFRlsNKwtpiHSh6dAk2stEPXQaNrjwnnrajhNybOzwhkxM5aU7fMjJsb72JhD/OXwCMXYJ8t5/tMD+LD+jQxyjCAAAA[0m[Pipeline] {
[8mha:////4Gb6yIeQKv+v3E5jJgNYCC5VYNcutRm32haAL/8/vz0OAAAApR+LCAAAAAAAAP9tjTEOwjAQBC9BFLSUPOLSIIGEqNJabniBiY1xYt0Z2yGpeBFf4w8EIlGxxWpnm3m+YJkiHDlabA11jlLjMPjeTgsHjt3F84Atn7FhSuwNSjNI1qaeUXI2MKcoYSFgZajxnBzZDGvRqruqvCJbnXKcvoOA0ukbPKAQkzmrmL8wRthce52Yfp6/AhhDhnK7+9Q+vAGaE3/ivgAAAA==[0m[Pipeline] sh
+ mvn test
[INFO] Scanning for projects...
[INFO] 
[INFO] --------------< com.javaproject:database_service_project >--------------
[INFO] Building database_service_project 0.0.2
[INFO]   from pom.xml
[INFO] --------------------------------[ jar ]---------------------------------
[WARNING] 1 problem was encountered while building the effective model for org.javassist:javassist:jar:3.20.0-GA
[INFO] 
[INFO] --- jacoco:0.8.7:prepare-agent (jacoco-initialize) @ database_service_project ---
[INFO] argLine set to -javaagent:/var/lib/jenkins/.m2/repository/org/jacoco/org.jacoco.agent/0.8.7/org.jacoco.agent-0.8.7-runtime.jar=destfile=/var/lib/jenkins/workspace/demo5_master/target/jacoco.exec
[INFO] 
[INFO] --- resources:3.2.0:resources (default-resources) @ database_service_project ---
[INFO] Using 'UTF-8' encoding to copy filtered resources.
[INFO] Using 'UTF-8' encoding to copy filtered properties files.
[INFO] Copying 1 resource
[INFO] Copying 19 resources
[INFO] 
[INFO] --- compiler:3.8.1:compile (default-compile) @ database_service_project ---
[INFO] Nothing to compile - all classes are up to date
[INFO] 
[INFO] --- resources:3.2.0:testResources (default-testResources) @ database_service_project ---
[INFO] Using 'UTF-8' encoding to copy filtered resources.
[INFO] Using 'UTF-8' encoding to copy filtered properties files.
[INFO] skip non existing resourceDirectory /var/lib/jenkins/workspace/demo5_master/src/test/resources
[INFO] 
[INFO] --- compiler:3.8.1:testCompile (default-testCompile) @ database_service_project ---
[INFO] Changes detected - recompiling the module!
[INFO] Compiling 3 source files to /var/lib/jenkins/workspace/demo5_master/target/test-classes
[INFO] 
[INFO] --- surefire:2.22.2:test (default-test) @ database_service_project ---
[INFO] 
[INFO] -------------------------------------------------------
[INFO]  T E S T S
[INFO] -------------------------------------------------------
[INFO] Running com.javaproject.TestController
18:07:57.750 [main] DEBUG org.springframework.test.context.BootstrapUtils - Instantiating CacheAwareContextLoaderDelegate from class [org.springframework.test.context.cache.DefaultCacheAwareContextLoaderDelegate]
18:07:57.775 [main] DEBUG org.springframework.test.context.BootstrapUtils - Instantiating BootstrapContext using constructor [public org.springframework.test.context.support.DefaultBootstrapContext(java.lang.Class,org.springframework.test.context.CacheAwareContextLoaderDelegate)]
18:07:57.884 [main] DEBUG org.springframework.test.context.BootstrapUtils - Instantiating TestContextBootstrapper for test class [com.javaproject.TestController] from class [org.springframework.boot.test.context.SpringBootTestContextBootstrapper]
18:07:57.918 [main] INFO org.springframework.boot.test.context.SpringBootTestContextBootstrapper - Neither @ContextConfiguration nor @ContextHierarchy found for test class [com.javaproject.TestController], using SpringBootContextLoader
18:07:57.928 [main] DEBUG org.springframework.test.context.support.AbstractContextLoader - Did not detect default resource location for test class [com.javaproject.TestController]: class path resource [com/javaproject/TestController-context.xml] does not exist
18:07:57.929 [main] DEBUG org.springframework.test.context.support.AbstractContextLoader - Did not detect default resource location for test class [com.javaproject.TestController]: class path resource [com/javaproject/TestControllerContext.groovy] does not exist
18:07:57.930 [main] INFO org.springframework.test.context.support.AbstractContextLoader - Could not detect default resource locations for test class [com.javaproject.TestController]: no resource found for suffixes {-context.xml, Context.groovy}.
18:07:57.931 [main] INFO org.springframework.test.context.support.AnnotationConfigContextLoaderUtils - Could not detect default configuration classes for test class [com.javaproject.TestController]: TestController does not declare any static, non-private, non-final, nested classes annotated with @Configuration.
18:07:58.045 [main] DEBUG org.springframework.test.context.support.ActiveProfilesUtils - Could not find an 'annotation declaring class' for annotation type [org.springframework.test.context.ActiveProfiles] and class [com.javaproject.TestController]
18:07:58.187 [main] DEBUG org.springframework.context.annotation.ClassPathScanningCandidateComponentProvider - Identified candidate component class: file [/var/lib/jenkins/workspace/demo5_master/target/classes/com/javaproject/DatabaseServiceProjectApplication.class]
18:07:58.188 [main] INFO org.springframework.boot.test.context.SpringBootTestContextBootstrapper - Found @SpringBootConfiguration com.javaproject.DatabaseServiceProjectApplication for test class com.javaproject.TestController
18:07:58.414 [main] DEBUG org.springframework.boot.test.context.SpringBootTestContextBootstrapper - @TestExecutionListeners is not present for class [com.javaproject.TestController]: using defaults.
18:07:58.415 [main] INFO org.springframework.boot.test.context.SpringBootTestContextBootstrapper - Loaded default TestExecutionListener class names from location [META-INF/spring.factories]: [org.springframework.boot.test.mock.mockito.MockitoTestExecutionListener, org.springframework.boot.test.mock.mockito.ResetMocksTestExecutionListener, org.springframework.boot.test.autoconfigure.restdocs.RestDocsTestExecutionListener, org.springframework.boot.test.autoconfigure.web.client.MockRestServiceServerResetTestExecutionListener, org.springframework.boot.test.autoconfigure.web.servlet.MockMvcPrintOnlyOnFailureTestExecutionListener, org.springframework.boot.test.autoconfigure.web.servlet.WebDriverTestExecutionListener, org.springframework.boot.test.autoconfigure.webservices.client.MockWebServiceServerTestExecutionListener, org.springframework.test.context.web.ServletTestExecutionListener, org.springframework.test.context.support.DirtiesContextBeforeModesTestExecutionListener, org.springframework.test.context.event.ApplicationEventsTestExecutionListener, org.springframework.test.context.support.DependencyInjectionTestExecutionListener, org.springframework.test.context.support.DirtiesContextTestExecutionListener, org.springframework.test.context.transaction.TransactionalTestExecutionListener, org.springframework.test.context.jdbc.SqlScriptsTestExecutionListener, org.springframework.test.context.event.EventPublishingTestExecutionListener, org.springframework.security.test.context.support.WithSecurityContextTestExecutionListener, org.springframework.security.test.context.support.ReactorContextTestExecutionListener]
18:07:58.452 [main] INFO org.springframework.boot.test.context.SpringBootTestContextBootstrapper - Using TestExecutionListeners: [org.springframework.test.context.web.ServletTestExecutionListener@7cb8437d, org.springframework.test.context.support.DirtiesContextBeforeModesTestExecutionListener@62a4417, org.springframework.test.context.event.ApplicationEventsTestExecutionListener@43f61afb, org.springframework.boot.test.mock.mockito.MockitoTestExecutionListener@713064e8, org.springframework.boot.test.autoconfigure.SpringBootDependencyInjectionTestExecutionListener@4fad6218, org.springframework.test.context.support.DirtiesContextTestExecutionListener@1bf39d06, org.springframework.test.context.transaction.TransactionalTestExecutionListener@68217d41, org.springframework.test.context.jdbc.SqlScriptsTestExecutionListener@1ac45389, org.springframework.test.context.event.EventPublishingTestExecutionListener@3e5d4f6b, org.springframework.security.test.context.support.WithSecurityContextTestExecutionListener@39c1fe0b, org.springframework.security.test.context.support.ReactorContextTestExecutionListener@5ae95707, org.springframework.boot.test.mock.mockito.ResetMocksTestExecutionListener@62891fc8, org.springframework.boot.test.autoconfigure.restdocs.RestDocsTestExecutionListener@367b22e5, org.springframework.boot.test.autoconfigure.web.client.MockRestServiceServerResetTestExecutionListener@fca387, org.springframework.boot.test.autoconfigure.web.servlet.MockMvcPrintOnlyOnFailureTestExecutionListener@10bd9df0, org.springframework.boot.test.autoconfigure.web.servlet.WebDriverTestExecutionListener@3ae0b770, org.springframework.boot.test.autoconfigure.webservices.client.MockWebServiceServerTestExecutionListener@55e3d6c3]
18:07:58.462 [main] DEBUG org.springframework.test.context.support.AbstractDirtiesContextTestExecutionListener - Before test class: context [DefaultTestContext@6b2e0f78 testClass = TestController, testInstance = [null], testMethod = [null], testException = [null], mergedContextConfiguration = [WebMergedContextConfiguration@240f6c41 testClass = TestController, locations = '{}', classes = '{class com.javaproject.DatabaseServiceProjectApplication}', contextInitializerClasses = '[]', activeProfiles = '{}', propertySourceLocations = '{}', propertySourceProperties = '{org.springframework.boot.test.context.SpringBootTestContextBootstrapper=true}', contextCustomizers = set[[ImportsContextCustomizer@3659d7b1 key = [org.springframework.boot.test.autoconfigure.web.servlet.MockMvcAutoConfiguration, org.springframework.boot.test.autoconfigure.web.servlet.MockMvcWebClientAutoConfiguration, org.springframework.boot.test.autoconfigure.web.servlet.MockMvcWebDriverAutoConfiguration, org.springframework.boot.autoconfigure.security.oauth2.client.servlet.OAuth2ClientAutoConfiguration, org.springframework.boot.autoconfigure.security.oauth2.resource.servlet.OAuth2ResourceServerAutoConfiguration, org.springframework.boot.autoconfigure.security.servlet.SecurityAutoConfiguration, org.springframework.boot.autoconfigure.security.servlet.SecurityFilterAutoConfiguration, org.springframework.boot.autoconfigure.security.servlet.UserDetailsServiceAutoConfiguration, org.springframework.boot.test.autoconfigure.web.servlet.MockMvcSecurityConfiguration]], org.springframework.boot.test.context.filter.ExcludeFilterContextCustomizer@37cd92d6, org.springframework.boot.test.json.DuplicateJsonObjectContextCustomizerFactory$DuplicateJsonObjectContextCustomizer@71f67a79, org.springframework.boot.test.mock.mockito.MockitoContextCustomizer@0, org.springframework.boot.test.web.client.TestRestTemplateContextCustomizer@22c01ab0, org.springframework.boot.test.autoconfigure.actuate.metrics.MetricsExportContextCustomizerFactory$DisableMetricExportContextCustomizer@23c388c2, org.springframework.boot.test.autoconfigure.properties.PropertyMappingContextCustomizer@4b3fa0b3, org.springframework.boot.test.autoconfigure.web.servlet.WebDriverContextCustomizerFactory$Customizer@30b34287, org.springframework.boot.test.context.SpringBootTestArgs@1, org.springframework.boot.test.context.SpringBootTestWebEnvironment@37f1104d], resourceBasePath = 'src/main/webapp', contextLoader = 'org.springframework.boot.test.context.SpringBootContextLoader', parent = [null]], attributes = map['org.springframework.test.context.web.ServletTestExecutionListener.activateListener' -> true]], class annotated with @DirtiesContext [false] with mode [null].
18:07:58.536 [main] DEBUG org.springframework.test.context.support.TestPropertySourceUtils - Adding inlined properties to environment: {spring.jmx.enabled=false, org.springframework.boot.test.context.SpringBootTestContextBootstrapper=true}

  .   ____          _            __ _ _
 /\\ / ___'_ __ _ _(_)_ __  __ _ \ \ \ \
( ( )\___ | '_ | '_| | '_ \/ _` | \ \ \ \
 \\/  ___)| |_)| | | | | || (_| |  ) ) ) )
  '  |____| .__|_| |_|_| |_\__, | / / / /
 =========|_|==============|___/=/_/_/_/
 :: Spring Boot ::                (v2.5.6)

2024-07-11 18:07:59.271  INFO 20874 --- [           main] com.javaproject.TestController           : Starting TestController using Java 17.0.11 on ip-172-31-23-232 with PID 20874 (started by jenkins in /var/lib/jenkins/workspace/demo5_master)
2024-07-11 18:07:59.274  INFO 20874 --- [           main] com.javaproject.TestController           : No active profile set, falling back to default profiles: default
2024-07-11 18:08:00.962  INFO 20874 --- [           main] .s.d.r.c.RepositoryConfigurationDelegate : Multiple Spring Data modules found, entering strict repository configuration mode!
2024-07-11 18:08:00.970  INFO 20874 --- [           main] .s.d.r.c.RepositoryConfigurationDelegate : Bootstrapping Spring Data JDBC repositories in DEFAULT mode.
2024-07-11 18:08:01.001  INFO 20874 --- [           main] .s.d.r.c.RepositoryConfigurationDelegate : Finished Spring Data repository scanning in 23 ms. Found 0 JDBC repository interfaces.
2024-07-11 18:08:01.021  INFO 20874 --- [           main] .s.d.r.c.RepositoryConfigurationDelegate : Multiple Spring Data modules found, entering strict repository configuration mode!
2024-07-11 18:08:01.024  INFO 20874 --- [           main] .s.d.r.c.RepositoryConfigurationDelegate : Bootstrapping Spring Data JPA repositories in DEFAULT mode.
2024-07-11 18:08:01.034  INFO 20874 --- [           main] .s.d.r.c.RepositoryConfigurationDelegate : Finished Spring Data repository scanning in 3 ms. Found 0 JPA repository interfaces.
2024-07-11 18:08:01.959  INFO 20874 --- [           main] com.zaxxer.hikari.HikariDataSource       : HikariPool-1 - Starting...
2024-07-11 18:08:02.454  INFO 20874 --- [           main] com.zaxxer.hikari.HikariDataSource       : HikariPool-1 - Start completed.
2024-07-11 18:08:02.870  INFO 20874 --- [           main] o.hibernate.jpa.internal.util.LogHelper  : HHH000204: Processing PersistenceUnitInfo [name: default]
2024-07-11 18:08:02.968  INFO 20874 --- [           main] org.hibernate.Version                    : HHH000412: Hibernate ORM core version 5.4.32.Final
2024-07-11 18:08:03.199  INFO 20874 --- [           main] o.hibernate.annotations.common.Version   : HCANN000001: Hibernate Commons Annotations {5.1.2.Final}
2024-07-11 18:08:03.437  INFO 20874 --- [           main] org.hibernate.dialect.Dialect            : HHH000400: Using dialect: org.hibernate.dialect.H2Dialect
2024-07-11 18:08:03.862  INFO 20874 --- [           main] o.h.e.t.j.p.i.JtaPlatformInitiator       : HHH000490: Using JtaPlatform implementation: [org.hibernate.engine.transaction.jta.platform.internal.NoJtaPlatform]
2024-07-11 18:08:03.879  INFO 20874 --- [           main] j.LocalContainerEntityManagerFactoryBean : Initialized JPA EntityManagerFactory for persistence unit 'default'
2024-07-11 18:08:04.168  WARN 20874 --- [           main] JpaBaseConfiguration$JpaWebConfiguration : spring.jpa.open-in-view is enabled by default. Therefore, database queries may be performed during view rendering. Explicitly configure spring.jpa.open-in-view to disable this warning
2024-07-11 18:08:04.279  INFO 20874 --- [           main] o.s.s.p.JdbcUserDetailsManager           : No authentication manager set. Reauthentication of users when changing passwords will not be performed.
2024-07-11 18:08:04.932  INFO 20874 --- [           main] o.s.s.web.DefaultSecurityFilterChain     : Will secure any request with [org.springframework.security.web.context.request.async.WebAsyncManagerIntegrationFilter@52d48643, org.springframework.security.web.context.SecurityContextPersistenceFilter@420e2daa, org.springframework.security.web.header.HeaderWriterFilter@52757583, org.springframework.security.web.authentication.logout.LogoutFilter@9e46050, org.springframework.security.web.authentication.UsernamePasswordAuthenticationFilter@934375e, org.springframework.security.web.savedrequest.RequestCacheAwareFilter@27b3e5ed, org.springframework.security.web.servletapi.SecurityContextHolderAwareRequestFilter@611f82a8, org.springframework.security.web.authentication.AnonymousAuthenticationFilter@269bf0ac, org.springframework.security.web.session.SessionManagementFilter@64bf34e4, org.springframework.security.web.access.ExceptionTranslationFilter@2fb05142, org.springframework.security.web.access.intercept.FilterSecurityInterceptor@6e29615e]
2024-07-11 18:08:05.628  INFO 20874 --- [           main] o.s.b.a.h2.H2ConsoleAutoConfiguration    : H2 console available at '/h2-console'. Database available at 'jdbc:h2:mem:testdb'
2024-07-11 18:08:05.741  INFO 20874 --- [           main] o.s.b.a.w.s.WelcomePageHandlerMapping    : Adding welcome page template: index
2024-07-11 18:08:06.314  INFO 20874 --- [           main] o.s.b.t.m.w.SpringBootMockServletContext : Initializing Spring TestDispatcherServlet ''
2024-07-11 18:08:06.315  INFO 20874 --- [           main] o.s.t.web.servlet.TestDispatcherServlet  : Initializing Servlet ''
2024-07-11 18:08:06.317  INFO 20874 --- [           main] o.s.t.web.servlet.TestDispatcherServlet  : Completed initialization in 2 ms
2024-07-11 18:08:06.354  INFO 20874 --- [           main] com.javaproject.TestController           : Started TestController in 7.805 seconds (JVM running for 10.283)
return value is: 4

MockHttpServletRequest:
      HTTP Method = POST
      Request URI = /boardgameAdded
       Parameters = {name=[onecard], level=[1], minPlayers=[2], maxPlayers=[+], gameType=[Party Game]}
          Headers = []
             Body = null
    Session Attrs = {}

Handler:
             Type = com.javaproject.controllers.HomeController
           Method = com.javaproject.controllers.HomeController#boardgameAdded(BoardGame)

Async:
    Async started = false
     Async result = null

Resolved Exception:
             Type = null

ModelAndView:
        View name = redirect:/
             View = null
            Model = null

FlashMap:
       Attributes = null

MockHttpServletResponse:
           Status = 302
    Error message = null
          Headers = [Content-Language:"en", X-Content-Type-Options:"nosniff", X-XSS-Protection:"1; mode=block", Cache-Control:"no-cache, no-store, max-age=0, must-revalidate", Pragma:"no-cache", Expires:"0", Location:"/"]
     Content type = null
             Body = 
    Forwarded URL = null
   Redirected URL = /
          Cookies = []
return value is: 1
return value is: 1
[INFO] Tests run: 4, Failures: 0, Errors: 0, Skipped: 0, Time elapsed: 10.345 s - in com.javaproject.TestController
[INFO] Running com.javaproject.TestDatabase
2024-07-11 18:08:07.912  INFO 20874 --- [           main] .b.t.c.SpringBootTestContextBootstrapper : Neither @ContextConfiguration nor @ContextHierarchy found for test class [com.javaproject.TestDatabase], using SpringBootContextLoader
2024-07-11 18:08:07.912  INFO 20874 --- [           main] o.s.t.c.support.AbstractContextLoader    : Could not detect default resource locations for test class [com.javaproject.TestDatabase]: no resource found for suffixes {-context.xml, Context.groovy}.
2024-07-11 18:08:07.913  INFO 20874 --- [           main] t.c.s.AnnotationConfigContextLoaderUtils : Could not detect default configuration classes for test class [com.javaproject.TestDatabase]: TestDatabase does not declare any static, non-private, non-final, nested classes annotated with @Configuration.
2024-07-11 18:08:07.923  INFO 20874 --- [           main] .b.t.c.SpringBootTestContextBootstrapper : Found @SpringBootConfiguration com.javaproject.DatabaseServiceProjectApplication for test class com.javaproject.TestDatabase
2024-07-11 18:08:07.930  INFO 20874 --- [           main] .b.t.c.SpringBootTestContextBootstrapper : Loaded default TestExecutionListener class names from location [META-INF/spring.factories]: [org.springframework.boot.test.mock.mockito.MockitoTestExecutionListener, org.springframework.boot.test.mock.mockito.ResetMocksTestExecutionListener, org.springframework.boot.test.autoconfigure.restdocs.RestDocsTestExecutionListener, org.springframework.boot.test.autoconfigure.web.client.MockRestServiceServerResetTestExecutionListener, org.springframework.boot.test.autoconfigure.web.servlet.MockMvcPrintOnlyOnFailureTestExecutionListener, org.springframework.boot.test.autoconfigure.web.servlet.WebDriverTestExecutionListener, org.springframework.boot.test.autoconfigure.webservices.client.MockWebServiceServerTestExecutionListener, org.springframework.test.context.web.ServletTestExecutionListener, org.springframework.test.context.support.DirtiesContextBeforeModesTestExecutionListener, org.springframework.test.context.event.ApplicationEventsTestExecutionListener, org.springframework.test.context.support.DependencyInjectionTestExecutionListener, org.springframework.test.context.support.DirtiesContextTestExecutionListener, org.springframework.test.context.transaction.TransactionalTestExecutionListener, org.springframework.test.context.jdbc.SqlScriptsTestExecutionListener, org.springframework.test.context.event.EventPublishingTestExecutionListener, org.springframework.security.test.context.support.WithSecurityContextTestExecutionListener, org.springframework.security.test.context.support.ReactorContextTestExecutionListener]
2024-07-11 18:08:07.932  INFO 20874 --- [           main] .b.t.c.SpringBootTestContextBootstrapper : Using TestExecutionListeners: [org.springframework.test.context.web.ServletTestExecutionListener@2209622a, org.springframework.test.context.support.DirtiesContextBeforeModesTestExecutionListener@bce370d, org.springframework.test.context.event.ApplicationEventsTestExecutionListener@188a953e, org.springframework.boot.test.mock.mockito.MockitoTestExecutionListener@35b1df36, org.springframework.boot.test.autoconfigure.SpringBootDependencyInjectionTestExecutionListener@5c40e398, org.springframework.test.context.support.DirtiesContextTestExecutionListener@26ccc142, org.springframework.test.context.transaction.TransactionalTestExecutionListener@6aa393c0, org.springframework.test.context.jdbc.SqlScriptsTestExecutionListener@51d0a9cd, org.springframework.test.context.event.EventPublishingTestExecutionListener@ad7cc4c, org.springframework.security.test.context.support.WithSecurityContextTestExecutionListener@4ad1ca85, org.springframework.security.test.context.support.ReactorContextTestExecutionListener@3c1a6d8c, org.springframework.boot.test.mock.mockito.ResetMocksTestExecutionListener@68d02503, org.springframework.boot.test.autoconfigure.restdocs.RestDocsTestExecutionListener@5c5121f9, org.springframework.boot.test.autoconfigure.web.client.MockRestServiceServerResetTestExecutionListener@18105d14, org.springframework.boot.test.autoconfigure.web.servlet.MockMvcPrintOnlyOnFailureTestExecutionListener@77092597, org.springframework.boot.test.autoconfigure.web.servlet.WebDriverTestExecutionListener@1e98ee48, org.springframework.boot.test.autoconfigure.webservices.client.MockWebServiceServerTestExecutionListener@4b935a8b]
[INFO] Tests run: 1, Failures: 0, Errors: 0, Skipped: 0, Time elapsed: 0.008 s - in com.javaproject.TestDatabase
[INFO] Running com.javaproject.DatabaseServiceProjectApplicationTests
2024-07-11 18:08:07.978  INFO 20874 --- [           main] .b.t.c.SpringBootTestContextBootstrapper : Neither @ContextConfiguration nor @ContextHierarchy found for test class [com.javaproject.DatabaseServiceProjectApplicationTests], using SpringBootContextLoader
2024-07-11 18:08:07.979  INFO 20874 --- [           main] o.s.t.c.support.AbstractContextLoader    : Could not detect default resource locations for test class [com.javaproject.DatabaseServiceProjectApplicationTests]: no resource found for suffixes {-context.xml, Context.groovy}.
2024-07-11 18:08:07.979  INFO 20874 --- [           main] t.c.s.AnnotationConfigContextLoaderUtils : Could not detect default configuration classes for test class [com.javaproject.DatabaseServiceProjectApplicationTests]: DatabaseServiceProjectApplicationTests does not declare any static, non-private, non-final, nested classes annotated with @Configuration.
2024-07-11 18:08:07.981  INFO 20874 --- [           main] .b.t.c.SpringBootTestContextBootstrapper : Found @SpringBootConfiguration com.javaproject.DatabaseServiceProjectApplication for test class com.javaproject.DatabaseServiceProjectApplicationTests
2024-07-11 18:08:07.986  INFO 20874 --- [           main] .b.t.c.SpringBootTestContextBootstrapper : Loaded default TestExecutionListener class names from location [META-INF/spring.factories]: [org.springframework.boot.test.mock.mockito.MockitoTestExecutionListener, org.springframework.boot.test.mock.mockito.ResetMocksTestExecutionListener, org.springframework.boot.test.autoconfigure.restdocs.RestDocsTestExecutionListener, org.springframework.boot.test.autoconfigure.web.client.MockRestServiceServerResetTestExecutionListener, org.springframework.boot.test.autoconfigure.web.servlet.MockMvcPrintOnlyOnFailureTestExecutionListener, org.springframework.boot.test.autoconfigure.web.servlet.WebDriverTestExecutionListener, org.springframework.boot.test.autoconfigure.webservices.client.MockWebServiceServerTestExecutionListener, org.springframework.test.context.web.ServletTestExecutionListener, org.springframework.test.context.support.DirtiesContextBeforeModesTestExecutionListener, org.springframework.test.context.event.ApplicationEventsTestExecutionListener, org.springframework.test.context.support.DependencyInjectionTestExecutionListener, org.springframework.test.context.support.DirtiesContextTestExecutionListener, org.springframework.test.context.transaction.TransactionalTestExecutionListener, org.springframework.test.context.jdbc.SqlScriptsTestExecutionListener, org.springframework.test.context.event.EventPublishingTestExecutionListener, org.springframework.security.test.context.support.WithSecurityContextTestExecutionListener, org.springframework.security.test.context.support.ReactorContextTestExecutionListener]
2024-07-11 18:08:07.988  INFO 20874 --- [           main] .b.t.c.SpringBootTestContextBootstrapper : Using TestExecutionListeners: [org.springframework.test.context.web.ServletTestExecutionListener@4a6ed38, org.springframework.test.context.support.DirtiesContextBeforeModesTestExecutionListener@7fed08c6, org.springframework.test.context.event.ApplicationEventsTestExecutionListener@6749add0, org.springframework.boot.test.mock.mockito.MockitoTestExecutionListener@7021ab0e, org.springframework.boot.test.autoconfigure.SpringBootDependencyInjectionTestExecutionListener@43dd471f, org.springframework.test.context.support.DirtiesContextTestExecutionListener@54e1dc9a, org.springframework.test.context.transaction.TransactionalTestExecutionListener@7eecccfb, org.springframework.test.context.jdbc.SqlScriptsTestExecutionListener@3e871f3, org.springframework.test.context.event.EventPublishingTestExecutionListener@2aa43b2e, org.springframework.security.test.context.support.WithSecurityContextTestExecutionListener@707b37ec, org.springframework.security.test.context.support.ReactorContextTestExecutionListener@6868b60c, org.springframework.boot.test.mock.mockito.ResetMocksTestExecutionListener@28cf351b, org.springframework.boot.test.autoconfigure.restdocs.RestDocsTestExecutionListener@23b91667, org.springframework.boot.test.autoconfigure.web.client.MockRestServiceServerResetTestExecutionListener@a5491ab, org.springframework.boot.test.autoconfigure.web.servlet.MockMvcPrintOnlyOnFailureTestExecutionListener@27a18e3b, org.springframework.boot.test.autoconfigure.web.servlet.WebDriverTestExecutionListener@76171039, org.springframework.boot.test.autoconfigure.webservices.client.MockWebServiceServerTestExecutionListener@1d763ab2]
[INFO] Tests run: 1, Failures: 0, Errors: 0, Skipped: 0, Time elapsed: 0.015 s - in com.javaproject.DatabaseServiceProjectApplicationTests
2024-07-11 18:08:08.148  INFO 20874 --- [ionShutdownHook] j.LocalContainerEntityManagerFactoryBean : Closing JPA EntityManagerFactory for persistence unit 'default'
2024-07-11 18:08:08.152  INFO 20874 --- [ionShutdownHook] .SchemaDropperImpl$DelayedDropActionImpl : HHH000477: Starting delayed evictData of schema as part of SessionFactory shut-down'
2024-07-11 18:08:08.156  INFO 20874 --- [ionShutdownHook] com.zaxxer.hikari.HikariDataSource       : HikariPool-1 - Shutdown initiated...
2024-07-11 18:08:08.160  INFO 20874 --- [ionShutdownHook] com.zaxxer.hikari.HikariDataSource       : HikariPool-1 - Shutdown completed.
[INFO] 
[INFO] Results:
[INFO] 
[INFO] Tests run: 6, Failures: 0, Errors: 0, Skipped: 0
[INFO] 
[INFO] ------------------------------------------------------------------------
[INFO] BUILD SUCCESS
[INFO] ------------------------------------------------------------------------
[INFO] Total time:  16.590 s
[INFO] Finished at: 2024-07-11T18:08:08Z
[INFO] ------------------------------------------------------------------------
[8mha:////4BMbxgNX0R5dQnzpQCtJqckDeH/9t1CWqW191yP/uadUAAAApR+LCAAAAAAAAP9tjTEOwjAQBC9BFLSUPOLSICGEqNJabniBiY1xYt0Z2yGpeBFf4w8EIlGxxWpnm3m+YJkiHDlabA11jlLjMPjeTgsHjt3F84Atn7FhSuwNSjNI1qaeUXI2MKcoYSFgZajxnBzZDGvRqruqvCJbnXKcvoOA0ukbPKAQkzmrmL8wRthce52Yfp6/AhhDyFBu95/avQEwuM6AvgAAAA==[0m[Pipeline] }
[8mha:////4M9R9abHhL07XqzIHENNHknL4RDZv5hkuWPVqWys8WnFAAAApR+LCAAAAAAAAP9tjTEOwjAQBC9BFLSUPOJCATQoFa3lhheYxBgn1l2wHZyKF/E1/oBFJCq2WO1sM683LIOHmr3BTlNvKTQWBzeavDCx76+OE3Z8wYYpsNModZLc6tOMkqOGOUUJCwErTY3jYMlEWItOPVTlFJnqHH3+jgJK297hCYXI5qh8/MLkYXMb28D08/wVwDQMEcr9Ntfu8AHa0rF2vgAAAA==[0m[Pipeline] // withEnv
[8mha:////4E5z3a2p31akI4csa7LofB+Sdlq8MoYKhCSiWpI+GLfKAAAApR+LCAAAAAAAAP9tjTEOwjAQBC9BFLSUPOIiBFQoFa3lhheYxBgn1l2wHZyKF/E1/oBFJCq2WO1sM683LIOHmr3BTlNvKTQWBzeavDCx76+OE3Z8wYYpsNModZLc6tOMkqOGOUUJCwErTY3jYMlEWItOPVTlFJnqHH3+jgJK297hCYXI5qh8/MLkYXMb28D08/wVwDQMEcrDNtd+9wHw9YfNvgAAAA==[0m[Pipeline] }
[8mha:////4HiEMTR1cvIDv1rESOWNknjPPM0LY7WfDEzcKTn/GA9rAAAApR+LCAAAAAAAAP9tjTEOwjAQBC9BFLSUPOIiRVAhqrRWGl5gYmOcWHfGdkgqXsTX+AMWkajYYrWzzbzesI4BThwM9poGS7Gz6N1o8sKJw3B1PGHPF+yYIjuNrZ5aVrpZsOWkYUlRwkrARlPnOFoyCbailw9ZOUmmOqeQv6OA0qo7PKEQ2ZxkSF+YA+xuo4pMP89fAczeJygPda59/QHItxQ8vgAAAA==[0m[Pipeline] // stage
[8mha:////4NXVTErRuahZRcllyeJRV7L7wh7/mbF1GvOUKf6konCgAAAAqB+LCAAAAAAAAP9tjTEOwjAUQ3+LOrAycohUCDEg1Ik16sIJQhNC0uj/kqSkEyfiatyBQCUmPFi2Jes9X1AFDw15zazC3mDoDBvcqHNiiXx/cZSYpTPrCAM5xVqVWpLqONeWooJZRQkLDkuFnaNgUEdYcSvuonYCdX2KPm8HDqWRN3hAwTM5Ch+/ZfKwvo4yEP44fwEwDRHKzT7bbvt5Vm+cGnoewgAAAA==[0m[Pipeline] stage
[8mha:////4CfaVyLwHFurXMp988bH7NTda9cJs6uaVEzI5fraDZIPAAAApx+LCAAAAAAAAP9tjTEOwjAUQ3+LOrAycoh0ACbE1DXKwglCE0La6P/yk9JOnIircQdaKjHhwbItWe/1hiIynIidaCy2HmPtRRd6NyUxELfXQINo6CJqwkjBCmUHRcZWS1WULCzKclhJWFusA0WPLsFGNvqhy6DRlefE03aUkHtzhydkciInzelbRobtrTeR8Mf5C4CxS5AfdrPt52fxAd9J1uLCAAAA[0m[Pipeline] { (Maven Package)
[8mha:////4HIeZoL4TepLosIv4zVVBG14YTl7InfBNqeREX2c9dLgAAAAox+LCAAAAAAAAP9tjTEOwjAQBC9BFLSUPOLSkApR0VppeIFJjLFj3Tm2g1PxIr7GHwhEomKL1c4283zBOgY4ctBoFfWGYmvQu1HPCzOH/uo4o+ULtkyRncJG5YY7dVqw4aRgSVHCSsBGUes4GtIJtsLKu6ycJF2dU5i/g4DSdAM8oBCzOcmQvjAF2N3GLjL9PH8FMPkEZb3/VO3f4x1Rq74AAAA=[0m[Pipeline] tool
[8mha:////4AwRQLNNMbwVu8ED7WZ6ovE5y2TTs5yEEpuGHSY5/j1YAAAApB+LCAAAAAAAAP9tjTEOwjAQBC9BFLSUPOLSAA2iSmu54QUmNsaJdWdsh6TiRXyNPxCIRMUWq51t5vmCZYpw5GixNdQ5So3D4Hs7LRw4dhfPA7Z8xoYpsTcozSBZm3pGydnAnKKEhYCVocZzcmQzrEWr7qryimx1ynH6DgJKp2/wgEJM5qxi/sIYYXPtdWL6ef4KYAwZyt32U/vwBiBOfIC+AAAA[0m[Pipeline] envVarsForTool
[8mha:////4DvkYES+NvDBPXIcSESCpsTrvx6OJ1+pkfN91+OxgKMhAAAApx+LCAAAAAAAAP9tjTEOwjAUQ3+LOrAycoh0ATEgpq5RFk4QmhDSRv+Xn5R24kRcjTvQUokJD5ZtyXqvNxSR4UTsRGOx9RhrL7rQuymJgbi9BhpEQxdRE0YKVig7KDK2WqqiZGFRlsNKwtpiHSh6dAk2stEPXQaNrjwnnrajhNybOzwhkxM5aU7fMjJsb72JhD/OXwCMXYJ8v5vtMD+LD/IueU3CAAAA[0m[Pipeline] withEnv
[8mha:////4EF+wwDzuaPmYjWNtyJqSWeyLxesrBiNTQPFDLRMyOEzAAAApx+LCAAAAAAAAP9tjTEOwjAUQ3+LOrAycoh0QiAhpq5RFk4QmhDSRv+Xn5R24kRcjTvQUokJD5ZtyXqvNxSR4UTsRGOx9RhrL7rQuymJgbi9BhpEQxdRE0YKVig7KDK2WqqiZGFRlsNKwtpiHSh6dAk2stEPXQaNrjwnnrajhNybOzwhkxM5aU7fMjJsb72JhD/OXwCMXYJ8t5/tMD+LDyb6zSXCAAAA[0m[Pipeline] {
[8mha:////4Pap4ymYK6bt2T2aP/ESOfx/7cqHEaCS+UV+WJne/Rj6AAAApB+LCAAAAAAAAP9tjTEOwjAQBC9BFLSUPOJSIYEQVVrLDS8wsTFOrDtjOyQVL+Jr/IFAJCq2WO1sM88XLFOEI0eLraHOUWocBt/baeHAsbt4HrDlMzZMib1BaQbJ2tQzSs4G5hQlLASsDDWekyObYS1adVeVV2SrU47TdxBQOn2DBxRiMmcV8xfGCJtrrxPTz/NXAGPIUG53n9qHN5s4RMC+AAAA[0m[Pipeline] sh
+ mvn package
[INFO] Scanning for projects...
[INFO] 
[INFO] --------------< com.javaproject:database_service_project >--------------
[INFO] Building database_service_project 0.0.2
[INFO]   from pom.xml
[INFO] --------------------------------[ jar ]---------------------------------
[WARNING] 1 problem was encountered while building the effective model for org.javassist:javassist:jar:3.20.0-GA
[INFO] 
[INFO] --- jacoco:0.8.7:prepare-agent (jacoco-initialize) @ database_service_project ---
[INFO] argLine set to -javaagent:/var/lib/jenkins/.m2/repository/org/jacoco/org.jacoco.agent/0.8.7/org.jacoco.agent-0.8.7-runtime.jar=destfile=/var/lib/jenkins/workspace/demo5_master/target/jacoco.exec
[INFO] 
[INFO] --- resources:3.2.0:resources (default-resources) @ database_service_project ---
[INFO] Using 'UTF-8' encoding to copy filtered resources.
[INFO] Using 'UTF-8' encoding to copy filtered properties files.
[INFO] Copying 1 resource
[INFO] Copying 19 resources
[INFO] 
[INFO] --- compiler:3.8.1:compile (default-compile) @ database_service_project ---
[INFO] Nothing to compile - all classes are up to date
[INFO] 
[INFO] --- resources:3.2.0:testResources (default-testResources) @ database_service_project ---
[INFO] Using 'UTF-8' encoding to copy filtered resources.
[INFO] Using 'UTF-8' encoding to copy filtered properties files.
[INFO] skip non existing resourceDirectory /var/lib/jenkins/workspace/demo5_master/src/test/resources
[INFO] 
[INFO] --- compiler:3.8.1:testCompile (default-testCompile) @ database_service_project ---
[INFO] Nothing to compile - all classes are up to date
[INFO] 
[INFO] --- surefire:2.22.2:test (default-test) @ database_service_project ---
[INFO] 
[INFO] -------------------------------------------------------
[INFO]  T E S T S
[INFO] -------------------------------------------------------
[INFO] Running com.javaproject.TestController
18:08:14.956 [main] DEBUG org.springframework.test.context.BootstrapUtils - Instantiating CacheAwareContextLoaderDelegate from class [org.springframework.test.context.cache.DefaultCacheAwareContextLoaderDelegate]
18:08:14.992 [main] DEBUG org.springframework.test.context.BootstrapUtils - Instantiating BootstrapContext using constructor [public org.springframework.test.context.support.DefaultBootstrapContext(java.lang.Class,org.springframework.test.context.CacheAwareContextLoaderDelegate)]
18:08:15.111 [main] DEBUG org.springframework.test.context.BootstrapUtils - Instantiating TestContextBootstrapper for test class [com.javaproject.TestController] from class [org.springframework.boot.test.context.SpringBootTestContextBootstrapper]
18:08:15.140 [main] INFO org.springframework.boot.test.context.SpringBootTestContextBootstrapper - Neither @ContextConfiguration nor @ContextHierarchy found for test class [com.javaproject.TestController], using SpringBootContextLoader
18:08:15.150 [main] DEBUG org.springframework.test.context.support.AbstractContextLoader - Did not detect default resource location for test class [com.javaproject.TestController]: class path resource [com/javaproject/TestController-context.xml] does not exist
18:08:15.150 [main] DEBUG org.springframework.test.context.support.AbstractContextLoader - Did not detect default resource location for test class [com.javaproject.TestController]: class path resource [com/javaproject/TestControllerContext.groovy] does not exist
18:08:15.151 [main] INFO org.springframework.test.context.support.AbstractContextLoader - Could not detect default resource locations for test class [com.javaproject.TestController]: no resource found for suffixes {-context.xml, Context.groovy}.
18:08:15.153 [main] INFO org.springframework.test.context.support.AnnotationConfigContextLoaderUtils - Could not detect default configuration classes for test class [com.javaproject.TestController]: TestController does not declare any static, non-private, non-final, nested classes annotated with @Configuration.
18:08:15.277 [main] DEBUG org.springframework.test.context.support.ActiveProfilesUtils - Could not find an 'annotation declaring class' for annotation type [org.springframework.test.context.ActiveProfiles] and class [com.javaproject.TestController]
18:08:15.436 [main] DEBUG org.springframework.context.annotation.ClassPathScanningCandidateComponentProvider - Identified candidate component class: file [/var/lib/jenkins/workspace/demo5_master/target/classes/com/javaproject/DatabaseServiceProjectApplication.class]
18:08:15.438 [main] INFO org.springframework.boot.test.context.SpringBootTestContextBootstrapper - Found @SpringBootConfiguration com.javaproject.DatabaseServiceProjectApplication for test class com.javaproject.TestController
18:08:15.684 [main] DEBUG org.springframework.boot.test.context.SpringBootTestContextBootstrapper - @TestExecutionListeners is not present for class [com.javaproject.TestController]: using defaults.
18:08:15.685 [main] INFO org.springframework.boot.test.context.SpringBootTestContextBootstrapper - Loaded default TestExecutionListener class names from location [META-INF/spring.factories]: [org.springframework.boot.test.mock.mockito.MockitoTestExecutionListener, org.springframework.boot.test.mock.mockito.ResetMocksTestExecutionListener, org.springframework.boot.test.autoconfigure.restdocs.RestDocsTestExecutionListener, org.springframework.boot.test.autoconfigure.web.client.MockRestServiceServerResetTestExecutionListener, org.springframework.boot.test.autoconfigure.web.servlet.MockMvcPrintOnlyOnFailureTestExecutionListener, org.springframework.boot.test.autoconfigure.web.servlet.WebDriverTestExecutionListener, org.springframework.boot.test.autoconfigure.webservices.client.MockWebServiceServerTestExecutionListener, org.springframework.test.context.web.ServletTestExecutionListener, org.springframework.test.context.support.DirtiesContextBeforeModesTestExecutionListener, org.springframework.test.context.event.ApplicationEventsTestExecutionListener, org.springframework.test.context.support.DependencyInjectionTestExecutionListener, org.springframework.test.context.support.DirtiesContextTestExecutionListener, org.springframework.test.context.transaction.TransactionalTestExecutionListener, org.springframework.test.context.jdbc.SqlScriptsTestExecutionListener, org.springframework.test.context.event.EventPublishingTestExecutionListener, org.springframework.security.test.context.support.WithSecurityContextTestExecutionListener, org.springframework.security.test.context.support.ReactorContextTestExecutionListener]
18:08:15.724 [main] INFO org.springframework.boot.test.context.SpringBootTestContextBootstrapper - Using TestExecutionListeners: [org.springframework.test.context.web.ServletTestExecutionListener@2d23faef, org.springframework.test.context.support.DirtiesContextBeforeModesTestExecutionListener@7cb8437d, org.springframework.test.context.event.ApplicationEventsTestExecutionListener@62a4417, org.springframework.boot.test.mock.mockito.MockitoTestExecutionListener@43f61afb, org.springframework.boot.test.autoconfigure.SpringBootDependencyInjectionTestExecutionListener@713064e8, org.springframework.test.context.support.DirtiesContextTestExecutionListener@4fad6218, org.springframework.test.context.transaction.TransactionalTestExecutionListener@1bf39d06, org.springframework.test.context.jdbc.SqlScriptsTestExecutionListener@68217d41, org.springframework.test.context.event.EventPublishingTestExecutionListener@1ac45389, org.springframework.security.test.context.support.WithSecurityContextTestExecutionListener@3e5d4f6b, org.springframework.security.test.context.support.ReactorContextTestExecutionListener@39c1fe0b, org.springframework.boot.test.mock.mockito.ResetMocksTestExecutionListener@5ae95707, org.springframework.boot.test.autoconfigure.restdocs.RestDocsTestExecutionListener@62891fc8, org.springframework.boot.test.autoconfigure.web.client.MockRestServiceServerResetTestExecutionListener@367b22e5, org.springframework.boot.test.autoconfigure.web.servlet.MockMvcPrintOnlyOnFailureTestExecutionListener@fca387, org.springframework.boot.test.autoconfigure.web.servlet.WebDriverTestExecutionListener@10bd9df0, org.springframework.boot.test.autoconfigure.webservices.client.MockWebServiceServerTestExecutionListener@3ae0b770]
18:08:15.738 [main] DEBUG org.springframework.test.context.support.AbstractDirtiesContextTestExecutionListener - Before test class: context [DefaultTestContext@2416498e testClass = TestController, testInstance = [null], testMethod = [null], testException = [null], mergedContextConfiguration = [WebMergedContextConfiguration@6b2e0f78 testClass = TestController, locations = '{}', classes = '{class com.javaproject.DatabaseServiceProjectApplication}', contextInitializerClasses = '[]', activeProfiles = '{}', propertySourceLocations = '{}', propertySourceProperties = '{org.springframework.boot.test.context.SpringBootTestContextBootstrapper=true}', contextCustomizers = set[[ImportsContextCustomizer@240f6c41 key = [org.springframework.boot.test.autoconfigure.web.servlet.MockMvcAutoConfiguration, org.springframework.boot.test.autoconfigure.web.servlet.MockMvcWebClientAutoConfiguration, org.springframework.boot.test.autoconfigure.web.servlet.MockMvcWebDriverAutoConfiguration, org.springframework.boot.autoconfigure.security.oauth2.client.servlet.OAuth2ClientAutoConfiguration, org.springframework.boot.autoconfigure.security.oauth2.resource.servlet.OAuth2ResourceServerAutoConfiguration, org.springframework.boot.autoconfigure.security.servlet.SecurityAutoConfiguration, org.springframework.boot.autoconfigure.security.servlet.SecurityFilterAutoConfiguration, org.springframework.boot.autoconfigure.security.servlet.UserDetailsServiceAutoConfiguration, org.springframework.boot.test.autoconfigure.web.servlet.MockMvcSecurityConfiguration]], org.springframework.boot.test.context.filter.ExcludeFilterContextCustomizer@55e7a35c, org.springframework.boot.test.json.DuplicateJsonObjectContextCustomizerFactory$DuplicateJsonObjectContextCustomizer@2af616d3, org.springframework.boot.test.mock.mockito.MockitoContextCustomizer@0, org.springframework.boot.test.web.client.TestRestTemplateContextCustomizer@585811a4, org.springframework.boot.test.autoconfigure.actuate.metrics.MetricsExportContextCustomizerFactory$DisableMetricExportContextCustomizer@7fe083b1, org.springframework.boot.test.autoconfigure.properties.PropertyMappingContextCustomizer@4b3fa0b3, org.springframework.boot.test.autoconfigure.web.servlet.WebDriverContextCustomizerFactory$Customizer@287f94b1, org.springframework.boot.test.context.SpringBootTestArgs@1, org.springframework.boot.test.context.SpringBootTestWebEnvironment@740773a3], resourceBasePath = 'src/main/webapp', contextLoader = 'org.springframework.boot.test.context.SpringBootContextLoader', parent = [null]], attributes = map['org.springframework.test.context.web.ServletTestExecutionListener.activateListener' -> true]], class annotated with @DirtiesContext [false] with mode [null].
18:08:15.821 [main] DEBUG org.springframework.test.context.support.TestPropertySourceUtils - Adding inlined properties to environment: {spring.jmx.enabled=false, org.springframework.boot.test.context.SpringBootTestContextBootstrapper=true}

  .   ____          _            __ _ _
 /\\ / ___'_ __ _ _(_)_ __  __ _ \ \ \ \
( ( )\___ | '_ | '_| | '_ \/ _` | \ \ \ \
 \\/  ___)| |_)| | | | | || (_| |  ) ) ) )
  '  |____| .__|_| |_|_| |_\__, | / / / /
 =========|_|==============|___/=/_/_/_/
 :: Spring Boot ::                (v2.5.6)

2024-07-11 18:08:16.540  INFO 21001 --- [           main] com.javaproject.TestController           : Starting TestController using Java 17.0.11 on ip-172-31-23-232 with PID 21001 (started by jenkins in /var/lib/jenkins/workspace/demo5_master)
2024-07-11 18:08:16.560  INFO 21001 --- [           main] com.javaproject.TestController           : No active profile set, falling back to default profiles: default
2024-07-11 18:08:18.196  INFO 21001 --- [           main] .s.d.r.c.RepositoryConfigurationDelegate : Multiple Spring Data modules found, entering strict repository configuration mode!
2024-07-11 18:08:18.200  INFO 21001 --- [           main] .s.d.r.c.RepositoryConfigurationDelegate : Bootstrapping Spring Data JDBC repositories in DEFAULT mode.
2024-07-11 18:08:18.220  INFO 21001 --- [           main] .s.d.r.c.RepositoryConfigurationDelegate : Finished Spring Data repository scanning in 13 ms. Found 0 JDBC repository interfaces.
2024-07-11 18:08:18.239  INFO 21001 --- [           main] .s.d.r.c.RepositoryConfigurationDelegate : Multiple Spring Data modules found, entering strict repository configuration mode!
2024-07-11 18:08:18.241  INFO 21001 --- [           main] .s.d.r.c.RepositoryConfigurationDelegate : Bootstrapping Spring Data JPA repositories in DEFAULT mode.
2024-07-11 18:08:18.253  INFO 21001 --- [           main] .s.d.r.c.RepositoryConfigurationDelegate : Finished Spring Data repository scanning in 4 ms. Found 0 JPA repository interfaces.
2024-07-11 18:08:19.247  INFO 21001 --- [           main] com.zaxxer.hikari.HikariDataSource       : HikariPool-1 - Starting...
2024-07-11 18:08:19.723  INFO 21001 --- [           main] com.zaxxer.hikari.HikariDataSource       : HikariPool-1 - Start completed.
2024-07-11 18:08:20.184  INFO 21001 --- [           main] o.hibernate.jpa.internal.util.LogHelper  : HHH000204: Processing PersistenceUnitInfo [name: default]
2024-07-11 18:08:20.280  INFO 21001 --- [           main] org.hibernate.Version                    : HHH000412: Hibernate ORM core version 5.4.32.Final
2024-07-11 18:08:20.558  INFO 21001 --- [           main] o.hibernate.annotations.common.Version   : HCANN000001: Hibernate Commons Annotations {5.1.2.Final}
2024-07-11 18:08:20.827  INFO 21001 --- [           main] org.hibernate.dialect.Dialect            : HHH000400: Using dialect: org.hibernate.dialect.H2Dialect
2024-07-11 18:08:21.306  INFO 21001 --- [           main] o.h.e.t.j.p.i.JtaPlatformInitiator       : HHH000490: Using JtaPlatform implementation: [org.hibernate.engine.transaction.jta.platform.internal.NoJtaPlatform]
2024-07-11 18:08:21.322  INFO 21001 --- [           main] j.LocalContainerEntityManagerFactoryBean : Initialized JPA EntityManagerFactory for persistence unit 'default'
2024-07-11 18:08:21.586  WARN 21001 --- [           main] JpaBaseConfiguration$JpaWebConfiguration : spring.jpa.open-in-view is enabled by default. Therefore, database queries may be performed during view rendering. Explicitly configure spring.jpa.open-in-view to disable this warning
2024-07-11 18:08:21.692  INFO 21001 --- [           main] o.s.s.p.JdbcUserDetailsManager           : No authentication manager set. Reauthentication of users when changing passwords will not be performed.
2024-07-11 18:08:22.358  INFO 21001 --- [           main] o.s.s.web.DefaultSecurityFilterChain     : Will secure any request with [org.springframework.security.web.context.request.async.WebAsyncManagerIntegrationFilter@269bf0ac, org.springframework.security.web.context.SecurityContextPersistenceFilter@23943a02, org.springframework.security.web.header.HeaderWriterFilter@46ddacb, org.springframework.security.web.authentication.logout.LogoutFilter@30d9da5e, org.springframework.security.web.authentication.UsernamePasswordAuthenticationFilter@88d308b, org.springframework.security.web.savedrequest.RequestCacheAwareFilter@1463efcc, org.springframework.security.web.servletapi.SecurityContextHolderAwareRequestFilter@51f39482, org.springframework.security.web.authentication.AnonymousAuthenticationFilter@47a0e73, org.springframework.security.web.session.SessionManagementFilter@1d9f9c9d, org.springframework.security.web.access.ExceptionTranslationFilter@2273255e, org.springframework.security.web.access.intercept.FilterSecurityInterceptor@5a90df0]
2024-07-11 18:08:23.016  INFO 21001 --- [           main] o.s.b.a.h2.H2ConsoleAutoConfiguration    : H2 console available at '/h2-console'. Database available at 'jdbc:h2:mem:testdb'
2024-07-11 18:08:23.111  INFO 21001 --- [           main] o.s.b.a.w.s.WelcomePageHandlerMapping    : Adding welcome page template: index
2024-07-11 18:08:23.987  INFO 21001 --- [           main] o.s.b.t.m.w.SpringBootMockServletContext : Initializing Spring TestDispatcherServlet ''
2024-07-11 18:08:23.989  INFO 21001 --- [           main] o.s.t.web.servlet.TestDispatcherServlet  : Initializing Servlet ''
2024-07-11 18:08:23.991  INFO 21001 --- [           main] o.s.t.web.servlet.TestDispatcherServlet  : Completed initialization in 2 ms
2024-07-11 18:08:24.047  INFO 21001 --- [           main] com.javaproject.TestController           : Started TestController in 8.213 seconds (JVM running for 10.695)
return value is: 4

MockHttpServletRequest:
      HTTP Method = POST
      Request URI = /boardgameAdded
       Parameters = {name=[onecard], level=[1], minPlayers=[2], maxPlayers=[+], gameType=[Party Game]}
          Headers = []
             Body = null
    Session Attrs = {}

Handler:
             Type = com.javaproject.controllers.HomeController
           Method = com.javaproject.controllers.HomeController#boardgameAdded(BoardGame)

Async:
    Async started = false
     Async result = null

Resolved Exception:
             Type = null

ModelAndView:
        View name = redirect:/
             View = null
            Model = null

FlashMap:
       Attributes = null

MockHttpServletResponse:
           Status = 302
    Error message = null
          Headers = [Content-Language:"en", X-Content-Type-Options:"nosniff", X-XSS-Protection:"1; mode=block", Cache-Control:"no-cache, no-store, max-age=0, must-revalidate", Pragma:"no-cache", Expires:"0", Location:"/"]
     Content type = null
             Body = 
    Forwarded URL = null
   Redirected URL = /
          Cookies = []
return value is: 1
return value is: 1
[INFO] Tests run: 4, Failures: 0, Errors: 0, Skipped: 0, Time elapsed: 10.899 s - in com.javaproject.TestController
[INFO] Running com.javaproject.TestDatabase
2024-07-11 18:08:25.660  INFO 21001 --- [           main] .b.t.c.SpringBootTestContextBootstrapper : Neither @ContextConfiguration nor @ContextHierarchy found for test class [com.javaproject.TestDatabase], using SpringBootContextLoader
2024-07-11 18:08:25.660  INFO 21001 --- [           main] o.s.t.c.support.AbstractContextLoader    : Could not detect default resource locations for test class [com.javaproject.TestDatabase]: no resource found for suffixes {-context.xml, Context.groovy}.
2024-07-11 18:08:25.660  INFO 21001 --- [           main] t.c.s.AnnotationConfigContextLoaderUtils : Could not detect default configuration classes for test class [com.javaproject.TestDatabase]: TestDatabase does not declare any static, non-private, non-final, nested classes annotated with @Configuration.
2024-07-11 18:08:25.663  INFO 21001 --- [           main] .b.t.c.SpringBootTestContextBootstrapper : Found @SpringBootConfiguration com.javaproject.DatabaseServiceProjectApplication for test class com.javaproject.TestDatabase
2024-07-11 18:08:25.665  INFO 21001 --- [           main] .b.t.c.SpringBootTestContextBootstrapper : Loaded default TestExecutionListener class names from location [META-INF/spring.factories]: [org.springframework.boot.test.mock.mockito.MockitoTestExecutionListener, org.springframework.boot.test.mock.mockito.ResetMocksTestExecutionListener, org.springframework.boot.test.autoconfigure.restdocs.RestDocsTestExecutionListener, org.springframework.boot.test.autoconfigure.web.client.MockRestServiceServerResetTestExecutionListener, org.springframework.boot.test.autoconfigure.web.servlet.MockMvcPrintOnlyOnFailureTestExecutionListener, org.springframework.boot.test.autoconfigure.web.servlet.WebDriverTestExecutionListener, org.springframework.boot.test.autoconfigure.webservices.client.MockWebServiceServerTestExecutionListener, org.springframework.test.context.web.ServletTestExecutionListener, org.springframework.test.context.support.DirtiesContextBeforeModesTestExecutionListener, org.springframework.test.context.event.ApplicationEventsTestExecutionListener, org.springframework.test.context.support.DependencyInjectionTestExecutionListener, org.springframework.test.context.support.DirtiesContextTestExecutionListener, org.springframework.test.context.transaction.TransactionalTestExecutionListener, org.springframework.test.context.jdbc.SqlScriptsTestExecutionListener, org.springframework.test.context.event.EventPublishingTestExecutionListener, org.springframework.security.test.context.support.WithSecurityContextTestExecutionListener, org.springframework.security.test.context.support.ReactorContextTestExecutionListener]
2024-07-11 18:08:25.666  INFO 21001 --- [           main] .b.t.c.SpringBootTestContextBootstrapper : Using TestExecutionListeners: [org.springframework.test.context.web.ServletTestExecutionListener@bce370d, org.springframework.test.context.support.DirtiesContextBeforeModesTestExecutionListener@188a953e, org.springframework.test.context.event.ApplicationEventsTestExecutionListener@35b1df36, org.springframework.boot.test.mock.mockito.MockitoTestExecutionListener@5c40e398, org.springframework.boot.test.autoconfigure.SpringBootDependencyInjectionTestExecutionListener@26ccc142, org.springframework.test.context.support.DirtiesContextTestExecutionListener@6aa393c0, org.springframework.test.context.transaction.TransactionalTestExecutionListener@51d0a9cd, org.springframework.test.context.jdbc.SqlScriptsTestExecutionListener@ad7cc4c, org.springframework.test.context.event.EventPublishingTestExecutionListener@4ad1ca85, org.springframework.security.test.context.support.WithSecurityContextTestExecutionListener@3c1a6d8c, org.springframework.security.test.context.support.ReactorContextTestExecutionListener@68d02503, org.springframework.boot.test.mock.mockito.ResetMocksTestExecutionListener@5c5121f9, org.springframework.boot.test.autoconfigure.restdocs.RestDocsTestExecutionListener@18105d14, org.springframework.boot.test.autoconfigure.web.client.MockRestServiceServerResetTestExecutionListener@77092597, org.springframework.boot.test.autoconfigure.web.servlet.MockMvcPrintOnlyOnFailureTestExecutionListener@1e98ee48, org.springframework.boot.test.autoconfigure.web.servlet.WebDriverTestExecutionListener@4b935a8b, org.springframework.boot.test.autoconfigure.webservices.client.MockWebServiceServerTestExecutionListener@51f15610]
[INFO] Tests run: 1, Failures: 0, Errors: 0, Skipped: 0, Time elapsed: 0 s - in com.javaproject.TestDatabase
[INFO] Running com.javaproject.DatabaseServiceProjectApplicationTests
2024-07-11 18:08:25.679  INFO 21001 --- [           main] .b.t.c.SpringBootTestContextBootstrapper : Neither @ContextConfiguration nor @ContextHierarchy found for test class [com.javaproject.DatabaseServiceProjectApplicationTests], using SpringBootContextLoader
2024-07-11 18:08:25.680  INFO 21001 --- [           main] o.s.t.c.support.AbstractContextLoader    : Could not detect default resource locations for test class [com.javaproject.DatabaseServiceProjectApplicationTests]: no resource found for suffixes {-context.xml, Context.groovy}.
2024-07-11 18:08:25.680  INFO 21001 --- [           main] t.c.s.AnnotationConfigContextLoaderUtils : Could not detect default configuration classes for test class [com.javaproject.DatabaseServiceProjectApplicationTests]: DatabaseServiceProjectApplicationTests does not declare any static, non-private, non-final, nested classes annotated with @Configuration.
2024-07-11 18:08:25.682  INFO 21001 --- [           main] .b.t.c.SpringBootTestContextBootstrapper : Found @SpringBootConfiguration com.javaproject.DatabaseServiceProjectApplication for test class com.javaproject.DatabaseServiceProjectApplicationTests
2024-07-11 18:08:25.683  INFO 21001 --- [           main] .b.t.c.SpringBootTestContextBootstrapper : Loaded default TestExecutionListener class names from location [META-INF/spring.factories]: [org.springframework.boot.test.mock.mockito.MockitoTestExecutionListener, org.springframework.boot.test.mock.mockito.ResetMocksTestExecutionListener, org.springframework.boot.test.autoconfigure.restdocs.RestDocsTestExecutionListener, org.springframework.boot.test.autoconfigure.web.client.MockRestServiceServerResetTestExecutionListener, org.springframework.boot.test.autoconfigure.web.servlet.MockMvcPrintOnlyOnFailureTestExecutionListener, org.springframework.boot.test.autoconfigure.web.servlet.WebDriverTestExecutionListener, org.springframework.boot.test.autoconfigure.webservices.client.MockWebServiceServerTestExecutionListener, org.springframework.test.context.web.ServletTestExecutionListener, org.springframework.test.context.support.DirtiesContextBeforeModesTestExecutionListener, org.springframework.test.context.event.ApplicationEventsTestExecutionListener, org.springframework.test.context.support.DependencyInjectionTestExecutionListener, org.springframework.test.context.support.DirtiesContextTestExecutionListener, org.springframework.test.context.transaction.TransactionalTestExecutionListener, org.springframework.test.context.jdbc.SqlScriptsTestExecutionListener, org.springframework.test.context.event.EventPublishingTestExecutionListener, org.springframework.security.test.context.support.WithSecurityContextTestExecutionListener, org.springframework.security.test.context.support.ReactorContextTestExecutionListener]
2024-07-11 18:08:25.684  INFO 21001 --- [           main] .b.t.c.SpringBootTestContextBootstrapper : Using TestExecutionListeners: [org.springframework.test.context.web.ServletTestExecutionListener@7fed08c6, org.springframework.test.context.support.DirtiesContextBeforeModesTestExecutionListener@6749add0, org.springframework.test.context.event.ApplicationEventsTestExecutionListener@7021ab0e, org.springframework.boot.test.mock.mockito.MockitoTestExecutionListener@43dd471f, org.springframework.boot.test.autoconfigure.SpringBootDependencyInjectionTestExecutionListener@54e1dc9a, org.springframework.test.context.support.DirtiesContextTestExecutionListener@7eecccfb, org.springframework.test.context.transaction.TransactionalTestExecutionListener@3e871f3, org.springframework.test.context.jdbc.SqlScriptsTestExecutionListener@2aa43b2e, org.springframework.test.context.event.EventPublishingTestExecutionListener@707b37ec, org.springframework.security.test.context.support.WithSecurityContextTestExecutionListener@6868b60c, org.springframework.security.test.context.support.ReactorContextTestExecutionListener@28cf351b, org.springframework.boot.test.mock.mockito.ResetMocksTestExecutionListener@23b91667, org.springframework.boot.test.autoconfigure.restdocs.RestDocsTestExecutionListener@a5491ab, org.springframework.boot.test.autoconfigure.web.client.MockRestServiceServerResetTestExecutionListener@27a18e3b, org.springframework.boot.test.autoconfigure.web.servlet.MockMvcPrintOnlyOnFailureTestExecutionListener@76171039, org.springframework.boot.test.autoconfigure.web.servlet.WebDriverTestExecutionListener@1d763ab2, org.springframework.boot.test.autoconfigure.webservices.client.MockWebServiceServerTestExecutionListener@3381297e]
[INFO] Tests run: 1, Failures: 0, Errors: 0, Skipped: 0, Time elapsed: 0.001 s - in com.javaproject.DatabaseServiceProjectApplicationTests
2024-07-11 18:08:25.933  INFO 21001 --- [ionShutdownHook] j.LocalContainerEntityManagerFactoryBean : Closing JPA EntityManagerFactory for persistence unit 'default'
2024-07-11 18:08:25.934  INFO 21001 --- [ionShutdownHook] .SchemaDropperImpl$DelayedDropActionImpl : HHH000477: Starting delayed evictData of schema as part of SessionFactory shut-down'
2024-07-11 18:08:25.937  INFO 21001 --- [ionShutdownHook] com.zaxxer.hikari.HikariDataSource       : HikariPool-1 - Shutdown initiated...
2024-07-11 18:08:25.940  INFO 21001 --- [ionShutdownHook] com.zaxxer.hikari.HikariDataSource       : HikariPool-1 - Shutdown completed.
[INFO] 
[INFO] Results:
[INFO] 
[INFO] Tests run: 6, Failures: 0, Errors: 0, Skipped: 0
[INFO] 
[INFO] 
[INFO] --- jar:3.2.0:jar (default-jar) @ database_service_project ---
[INFO] Building jar: /var/lib/jenkins/workspace/demo5_master/target/database_service_project-0.0.2.jar
[INFO] 
[INFO] --- spring-boot:2.5.6:repackage (repackage) @ database_service_project ---
[INFO] Replacing main artifact with repackaged archive
[INFO] 
[INFO] --- jacoco:0.8.7:report (jacoco-site) @ database_service_project ---
[INFO] Loading execution data file /var/lib/jenkins/workspace/demo5_master/target/jacoco.exec
[INFO] Analyzed bundle 'database_service_project' with 9 classes
[INFO] ------------------------------------------------------------------------
[INFO] BUILD SUCCESS
[INFO] ------------------------------------------------------------------------
[INFO] Total time:  16.687 s
[INFO] Finished at: 2024-07-11T18:08:27Z
[INFO] ------------------------------------------------------------------------
[8mha:////4FNJK05Zh4uYnh3/9aVwleUTGxTGQh+szUv+2iww7xBBAAAApR+LCAAAAAAAAP9tjTEOwjAQBC9BFLSUPOJCA0JCqWgtN7zAJMY4se6C7eBUvIiv8QcsIlGxxWpnm3m9YRk81OwNdpp6S6GxOLjR5IWJfX91nLDjCzZMgZ1GqZPkVp9mlBw1zClKWAhYaWocB0smwlp06qEqp8hU5+jzdxRQ2vYOTyhENkfl4xcmD5vb2Aamn+evAKZhiFDut7l2hw8B1Pq5vgAAAA==[0m[Pipeline] }
[8mha:////4Dmq5m+F796SclkIVIAzyMTmV0K+FHclcb5pBN9LjZwcAAAApR+LCAAAAAAAAP9tjTEOwjAQBC9BFLSUPOIiCqBAqWgtN7zAJMY4se6C7eBUvIiv8QcsIlGxxWpnm3m9YRk81OwNdpp6S6GxOLjR5IWJfX91nLDjCzZMgZ1GqZPkVp9mlBw1zClKWAhYaWocB0smwlp06qEqp8hU5+jzdxRQ2vYOTyhENkfl4xcmD5vb2Aamn+evAKZhiFDut7l2hw81GhnivgAAAA==[0m[Pipeline] // withEnv
[8mha:////4PY3X17Gzd953lfjEwkBtoewJhU3oUiYWkWEN5SiACsjAAAApR+LCAAAAAAAAP9tjTEOwjAQBC9BFLSUPOIiIaBBqWgtN7zAJMY4se6C7eBUvIiv8QcsIlGxxWpnm3m9YRk81OwNdpp6S6GxOLjR5IWJfX91nLDjCzZMgZ1GqZPkVp9mlBw1zClKWAhYaWocB0smwlp06qEqp8hU5+jzdxRQ2vYOTyhENkfl4xcmD5vb2Aamn+evAKZhiFAetrn2uw8hOYT9vgAAAA==[0m[Pipeline] }
[8mha:////4Fq9OTGuLfLLka8BkmKzIfz225BMMj4erx8jtpgFX5clAAAApR+LCAAAAAAAAP9tjTEOwjAQBC9BFLSUPOJSRNAgqrRWGl5gYmOcWHfGdkgqXsTX+AMWkajYYrWzzbzesI4BThwM9poGS7Gz6N1o8sKJw3B1PGHPF+yYIjuNrZ5aVrpZsOWkYUlRwkrARlPnOFoyCbailw9ZOUmmOqeQv6OA0qo7PKEQ2ZxkSF+YA+xuo4pMP89fAczeJygPda59/QEnf7yovgAAAA==[0m[Pipeline] // stage
[8mha:////4PGsmhnKBrG5lycKqZAHVO/GL2INUEe7b7UMCpNPoAG8AAAAph+LCAAAAAAAAP9tjTEOwjAQBC9BFLSUPOIiJISEUCpayw0vMIkxTqy7YDs4FS/ia/wBi0hUbLHa2WZeb1gGDzV7g52m3lJoLA5uNHlhYt9fHSfs+IINU2CnUeokudWnGSVHDXOKEhYCVpoax8GSibAWnXqoyiky1Tn6/B0FlLa9wxMKkc1R+fiFycPmNraB6ef5K4BpGCKU+12u7eEDhWMAMb4AAAA=[0m[Pipeline] }
[8mha:////4Hpo+WqNVE6wgv0bF2xaTWJ6KQwu0v+dX6u3qEpGSIZ/AAAAph+LCAAAAAAAAP9tjTEOwjAQBC9BFLSUPOIiChASSkVrueEFJjHGiXUXbAen4kV8jT9gEYmKLVY728zrDcvgoWZvsNPUWwqNxcGNJi9M7Pur44QdX7BhCuw0Sp0kt/o0o+SoYU5RwkLASlPjOFgyEdaiUw9VOUWmOkefv6OA0rZ3eEIhsjkqH78wedjcxjYw/Tx/BTANQ4Ryv8u1PXwAtoBbjb4AAAA=[0m[Pipeline] // withEnv
[8mha:////4H3lTltlXs6QRLl6KZWmIQmJNYxv3nfvkiQdjDDK7q2RAAAApB+LCAAAAAAAAP9tjTEOwjAQBC9BFLSUPMJRmjSIitZKwwtMbIwT686xLyQVL+Jr/AGLSFRssdrZZl5v2KYIJ4pW9AYHh6lzIvjJ5iVmisPN0yx6uoqOMJE3ojVzS9qcV2yJDawpSthI2BnsPCWHlmEve/VQlVdoqwvH/B0llE6P8IRCZjOryF9YIhzuk06EP89fASwhMJRNk6uuP7xKE3K+AAAA[0m[Pipeline] }
[8mha:////4OOiXlJdnEWrzTPQX8Fb6nG6AlX68SD9LZKO2N6Aa/lAAAAApR+LCAAAAAAAAP9tjTEOwjAQBC9BFLSUPOICDRQoFa3lhheYxBgn1l2wHZyKF/E1/oBFJCq2WO1sM683LIOHmr3BTlNvKTQWBzeavDCx76+OE3Z8wYYpsNModZLc6tOMkqOGOUUJCwErTY3jYMlEWItOPVTlFJnqHH3+jgJK297hCYXI5qh8/MLkYXMb28D08/wVwDQMEcr9Iddu+wGPqUjOvgAAAA==[0m[Pipeline] // withEnv
[8mha:////4FE4tgC6b7pDCK8KLRXAjGrgFo0tDvuf2+ZeftTN7ADNAAAApB+LCAAAAAAAAP9tjTEOwjAQBDdBFLSUPMJpEEJCVLRWGl5gEmOcWHfBvpBUvIiv8QciIlGx1c4083pjmSKOHJ1qLLWeUuVVF3o3PTVwbK+BB9XwRVVMiYNVpR1Kru1pxpLFYl6WY6GxslQFTp6cYK0b8zBFMOSKs8TJHTRyX9/xRKanspgoXxgjNre+Tky/zt8Axq4T5Lu9INt+APxQMP+9AAAA[0m[Pipeline] }
[8mha:////4Ax/mgf8AOUorJNpTQodq/PuxQe4tNrtnD1tJ36PJjI+AAAApB+LCAAAAAAAAP9tjTEOwjAQBDdBFLSUPMIpkJAQoqK10vACkxjjxLoL9oWk4kV8jT8QEYmKrXammdcbyxRx5OhUY6n1lCqvutC76amBY3sNPKiGL6piShysKu1Qcm1PM5YsFvOyHAuNlaUqcPLkBGvdmIcpgiFXnCVO7qCR+/qOJzI9lcVE+cIYsbn1dWL6df4GMHadIN/tBdn2A+/sNFy9AAAA[0m[Pipeline] // node
[8mha:////4CMXKhbyUccTs4krHF6Z4joejsFTWIVNjUJT0xy4acXMAAAAox+LCAAAAAAAAP9tjTEOwjAQBDdBFLSUPMJBNBSIitZKwwtMYowT6y7YF5KKF/E1/kBEJCq22plmXm8sU8SRo1ONpdZTqrzqQu+mpwaO7TXwoBq+qIopcbCqtEPJtT3NWLJYzMtyLDRWlqrAyZMTrHVjHqYIhlxxlji5g0bu6zueyPRUFhPlC2PE5tbXienX+RvA2HWCfL8VZLsPrW1/7b0AAAA=[0m[Pipeline] End of Pipeline
Finished: SUCCESS
